#
# There is insufficient memory for the Java Runtime Environment to continue.
# Native memory allocation (malloc) failed to allocate 2275032 bytes. Error detail: Chunk::new
# Possible reasons:
#   The system is out of physical RAM or swap space
#   This process is running with CompressedOops enabled, and the Java Heap may be blocking the growth of the native heap
# Possible solutions:
#   Reduce memory load on the system
#   Increase physical memory or swap space
#   Check if swap backing store is full
#   Decrease Java heap size (-Xmx/-Xms)
#   Decrease number of Java threads
#   Decrease Java thread stack sizes (-Xss)
#   Set larger code cache with -XX:ReservedCodeCacheSize=
#   JVM is running with Unscaled Compressed Oops mode in which the Java heap is
#     placed in the first 4GB address space. The Java Heap base address is the
#     maximum limit for the native heap growth. Please use -XX:HeapBaseMinAddress
#     to set the Java Heap base and to place the Java Heap above 4GB virtual address.
# This output file may be truncated or incomplete.
#
#  Out of Memory Error (arena.cpp:193), pid=5268, tid=6680
#
# JRE version: OpenJDK Runtime Environment (26.0+35) (build 26+35-2893)
# Java VM: OpenJDK 64-Bit Server VM (26+35-2893, mixed mode, sharing, tiered, compressed oops, compressed class ptrs, g1 gc, windows-amd64)
# No core dump will be written. Minidumps are not enabled by default on client versions of Windows
#

---------------  S U M M A R Y ------------

Command Line: --add-opens=java.base/java.lang=ALL-UNNAMED --add-opens=java.base/java.lang.invoke=ALL-UNNAMED --add-opens=java.base/java.util=ALL-UNNAMED --add-opens=java.prefs/java.util.prefs=ALL-UNNAMED --add-exports=jdk.compiler/com.sun.tools.javac.api=ALL-UNNAMED --add-exports=jdk.compiler/com.sun.tools.javac.util=ALL-UNNAMED --add-opens=java.base/java.util=ALL-UNNAMED --add-opens=java.prefs/java.util.prefs=ALL-UNNAMED --add-opens=java.base/java.nio.charset=ALL-UNNAMED --add-opens=java.base/java.net=ALL-UNNAMED --add-opens=java.base/java.util.concurrent=ALL-UNNAMED --add-opens=java.base/java.util.concurrent.atomic=ALL-UNNAMED --add-opens=java.xml/javax.xml.namespace=ALL-UNNAMED --add-opens=java.base/java.time=ALL-UNNAMED --enable-native-access=ALL-UNNAMED -XX:MaxMetaspaceSize=384m -XX:+HeapDumpOnOutOfMemoryError -Xms256m -Xmx512m -Dfile.encoding=UTF-8 -Duser.country=ZA -Duser.language=en -Duser.variant -javaagent:C:\Users\Zack.LAPTOP-GOMAQHKI\.gradle\wrapper\dists\gradle-9.4.1-bin\arn2x92ynaizyzdaamcbpbhtj\gradle-9.4.1\lib\agents\gradle-instrumentation-agent-9.4.1.jar org.gradle.launcher.daemon.bootstrap.GradleDaemon 9.4.1

Host: Intel(R) Core(TM) i3-10110U CPU @ 2.10GHz, 4 cores, 7G,  Windows 11 , 64 bit Build 22621 (10.0.22621.5415)
Time: Mon May  4 00:57:30 2026 South Africa Standard Time elapsed time: 317.076070 seconds (0d 0h 5m 17s)

---------------  T H R E A D  ---------------

Current thread (0x000001a5fed227f0):  JavaThread "C2 CompilerThread0" daemon [_thread_in_native, id=6680, stack(0x0000000f23200000,0x0000000f23300000) (1024K)]


Current CompileTask:
C2:317076 17376       4       org.gradle.api.internal.artifacts.ivyservice.resolveengine.graph.builder.ComponentState$$Lambda/0x000000003488a3f0::accept (12 bytes)

Stack: [0x0000000f23200000,0x0000000f23300000]
Native frames: (J=compiled Java code, j=interpreted, Vv=VM code, C=native code)
V  [jvm.dll+0x7d5719]  (no source info available)
V  [jvm.dll+0x7a367d]  (no source info available)
V  [jvm.dll+0x9b0aa0]  (no source info available)
V  [jvm.dll+0x9b2ef1]  (no source info available)
V  [jvm.dll+0x9b3603]  (no source info available)
V  [jvm.dll+0x30de86]  (no source info available)
V  [jvm.dll+0x11d7c6]  (no source info available)
V  [jvm.dll+0x11daee]  (no source info available)
V  [jvm.dll+0x1afb06]  (no source info available)
V  [jvm.dll+0x3ca732]  (no source info available)
V  [jvm.dll+0x7de302]  (no source info available)
V  [jvm.dll+0x2d1557]  (no source info available)
V  [jvm.dll+0x2d04cf]  (no source info available)
V  [jvm.dll+0x246740]  (no source info available)
V  [jvm.dll+0x2e05ec]  (no source info available)
V  [jvm.dll+0x2de7cd]  (no source info available)
V  [jvm.dll+0x4a3f01]  (no source info available)
V  [jvm.dll+0x94f4e9]  (no source info available)
V  [jvm.dll+0x7d71f8]  (no source info available)
C  [ucrtbase.dll+0x29333]  (no source info available)
C  [KERNEL32.DLL+0x1259d]  (no source info available)
C  [ntdll.dll+0x5af78]  (no source info available)

Lock stack of current Java thread (top to bottom):


---------------  P R O C E S S  ---------------

Threads class SMR info:
_java_thread_list=0x000001a5a195a1c0, length=47, elements={
0x000001a5fbc06fe0, 0x000001a5fbca4a10, 0x000001a5fbca6720, 0x000001a5fbcab9b0,
0x000001a5fbcac560, 0x000001a5fbcb3910, 0x000001a5fbcbe4f0, 0x000001a5fed227f0,
0x000001a5fed284c0, 0x000001a597cfc760, 0x000001a597d93b80, 0x000001a59cde7d10,
0x000001a59dda5e30, 0x000001a59e05aca0, 0x000001a59e05b450, 0x000001a59e1d5c50,
0x000001a59e1d0660, 0x000001a59e1d1600, 0x000001a59f958f70, 0x000001a59f9558c0,
0x000001a59f956860, 0x000001a59f957030, 0x000001a59f9ba1d0, 0x000001a59f9bb940,
0x000001a59e740cc0, 0x000001a59e73bea0, 0x000001a59e09cbd0, 0x000001a59e73f550,
0x000001a59e73af00, 0x000001a59ec19810, 0x000001a59ec19fe0, 0x000001a59f95be50,
0x000001a59e09d3a0, 0x000001a59e09bc30, 0x000001a59e0a0a50, 0x000001a59e099cf0,
0x000001a59e09ac90, 0x000001a59e10eef0, 0x000001a59e113540, 0x000001a59e10cfb0,
0x000001a59e10d780, 0x000001a59e7404f0, 0x000001a59e739f60, 0x000001a59ec19040,
0x000001a59ec1c6f0, 0x000001a59ec18870, 0x000001a59e1d1dd0
}

Java Threads: ( => current thread )
  0x000001a5fbc06fe0 JavaThread "main"                              [_thread_blocked, id=17724, stack(0x0000000f22300000,0x0000000f22400000) (1024K)]
  0x000001a5fbca4a10 JavaThread "Reference Handler"          daemon [_thread_blocked, id=14032, stack(0x0000000f22c00000,0x0000000f22d00000) (1024K)]
  0x000001a5fbca6720 JavaThread "Finalizer"                  daemon [_thread_blocked, id=14920, stack(0x0000000f22d00000,0x0000000f22e00000) (1024K)]
  0x000001a5fbcab9b0 JavaThread "Signal Dispatcher"          daemon [_thread_blocked, id=12016, stack(0x0000000f22e00000,0x0000000f22f00000) (1024K)]
  0x000001a5fbcac560 JavaThread "Attach Listener"            daemon [_thread_blocked, id=8164, stack(0x0000000f22f00000,0x0000000f23000000) (1024K)]
  0x000001a5fbcb3910 JavaThread "Service Thread"             daemon [_thread_blocked, id=17788, stack(0x0000000f23000000,0x0000000f23100000) (1024K)]
  0x000001a5fbcbe4f0 JavaThread "Monitor Deflation Thread"   daemon [_thread_blocked, id=14188, stack(0x0000000f23100000,0x0000000f23200000) (1024K)]
=>0x000001a5fed227f0 JavaThread "C2 CompilerThread0"         daemon [_thread_in_native, id=6680, stack(0x0000000f23200000,0x0000000f23300000) (1024K)]
  0x000001a5fed284c0 JavaThread "C1 CompilerThread0"         daemon [_thread_blocked, id=15088, stack(0x0000000f23300000,0x0000000f23400000) (1024K)]
  0x000001a597cfc760 JavaThread "Common-Cleaner"             daemon [_thread_blocked, id=2348, stack(0x0000000f23400000,0x0000000f23500000) (1024K)]
  0x000001a597d93b80 JavaThread "Notification Thread"        daemon [_thread_blocked, id=13624, stack(0x0000000f23500000,0x0000000f23600000) (1024K)]
  0x000001a59cde7d10 JavaThread "Daemon health stats"               [_thread_blocked, id=17800, stack(0x0000000f23900000,0x0000000f23a00000) (1024K)]
  0x000001a59dda5e30 JavaThread "Incoming local TCP Connector on port 41100"        [_thread_in_native, id=5888, stack(0x0000000f23a00000,0x0000000f23b00000) (1024K)]
  0x000001a59e05aca0 JavaThread "Daemon periodic checks"            [_thread_blocked, id=17232, stack(0x0000000f23b00000,0x0000000f23c00000) (1024K)]
  0x000001a59e05b450 JavaThread "InnocuousThread-1"          daemon [_thread_blocked, id=16644, stack(0x0000000f23c00000,0x0000000f23d00000) (1024K)]
  0x000001a59e1d5c50 JavaThread "Cache worker for journal cache (C:\Users\Zack.LAPTOP-GOMAQHKI\.gradle\caches\journal-1)"        [_thread_blocked, id=18100, stack(0x0000000f24400000,0x0000000f24500000) (1024K)]
  0x000001a59e1d0660 JavaThread "File lock request listener"        [_thread_in_native, id=3592, stack(0x0000000f24500000,0x0000000f24600000) (1024K)]
  0x000001a59e1d1600 JavaThread "Cache worker for file hash cache (C:\Users\Zack.LAPTOP-GOMAQHKI\.gradle\caches\9.4.1\fileHashes)"        [_thread_blocked, id=13520, stack(0x0000000f24600000,0x0000000f24700000) (1024K)]
  0x000001a59f958f70 JavaThread "File watcher server"        daemon [_thread_in_native, id=7952, stack(0x0000000f24900000,0x0000000f24a00000) (1024K)]
  0x000001a59f9558c0 JavaThread "File watcher consumer"      daemon [_thread_blocked, id=17960, stack(0x0000000f24a00000,0x0000000f24b00000) (1024K)]
  0x000001a59f956860 JavaThread "Cache worker for file content cache (C:\Users\Zack.LAPTOP-GOMAQHKI\.gradle\caches\9.4.1\fileContent)"        [_thread_blocked, id=3640, stack(0x0000000f24b00000,0x0000000f24c00000) (1024K)]
  0x000001a59f957030 JavaThread "jar transforms"                    [_thread_blocked, id=4968, stack(0x0000000f24f00000,0x0000000f25000000) (1024K)]
  0x000001a59f9ba1d0 JavaThread "jar transforms Thread 2"           [_thread_blocked, id=17964, stack(0x0000000f25000000,0x0000000f25100000) (1024K)]
  0x000001a59f9bb940 JavaThread "jar transforms Thread 3"           [_thread_blocked, id=16132, stack(0x0000000f25100000,0x0000000f25200000) (1024K)]
  0x000001a59e740cc0 JavaThread "jar transforms Thread 4"           [_thread_blocked, id=16060, stack(0x0000000f25600000,0x0000000f25700000) (1024K)]
  0x000001a59e73bea0 JavaThread "Memory manager"                    [_thread_blocked, id=3520, stack(0x0000000f25800000,0x0000000f25900000) (1024K)]
  0x000001a59e09cbd0 JavaThread "Cache worker for Java compile cache (C:\Users\Zack.LAPTOP-GOMAQHKI\.gradle\caches\9.4.1\javaCompile)"        [_thread_blocked, id=14484, stack(0x0000000f26400000,0x0000000f26500000) (1024K)]
  0x000001a59e73f550 JavaThread "Daemon Thread 3"                   [_thread_blocked, id=15272, stack(0x0000000f22000000,0x0000000f22100000) (1024K)]
  0x000001a59e73af00 JavaThread "Daemon worker Thread 3"            [_thread_in_native, id=2024, stack(0x0000000f23d00000,0x0000000f23e00000) (1024K)]
  0x000001a59ec19810 JavaThread "ForkJoinPool.commonPool-worker-7" daemon [_thread_blocked, id=12056, stack(0x0000000f25400000,0x0000000f25500000) (1024K)]
  0x000001a59ec19fe0 JavaThread "ForkJoinPool.commonPool-worker-8" daemon [_thread_blocked, id=15388, stack(0x0000000f25500000,0x0000000f25600000) (1024K)]
  0x000001a59f95be50 JavaThread "ForkJoinPool.commonPool-worker-9" daemon [_thread_blocked, id=13552, stack(0x0000000f25900000,0x0000000f25a00000) (1024K)]
  0x000001a59e09d3a0 JavaThread "VFS cleanup Thread 3"              [_thread_blocked, id=4964, stack(0x0000000f23f00000,0x0000000f24000000) (1024K)]
  0x000001a59e09bc30 JavaThread "Handler for socket connection from /127.0.0.1:41100 to /127.0.0.1:30902"        [_thread_in_native, id=17440, stack(0x0000000f22200000,0x0000000f22300000) (1024K)]
  0x000001a59e0a0a50 JavaThread "Cancel handler"                    [_thread_blocked, id=14248, stack(0x0000000f23e00000,0x0000000f23f00000) (1024K)]
  0x000001a59e099cf0 JavaThread "Asynchronous log dispatcher for DefaultDaemonConnection: socket connection from /127.0.0.1:41100 to /127.0.0.1:30902"        [_thread_blocked, id=15628, stack(0x0000000f24000000,0x0000000f24100000) (1024K)]
  0x000001a59e09ac90 JavaThread "Stdin handler"                     [_thread_blocked, id=10820, stack(0x0000000f24100000,0x0000000f24200000) (1024K)]
  0x000001a59e10eef0 JavaThread "Daemon client event forwarder"        [_thread_blocked, id=6256, stack(0x0000000f24200000,0x0000000f24300000) (1024K)]
  0x000001a59e113540 JavaThread "Cache worker for file hash cache (D:\Third year Project to present\Team48-API\.gradle\9.4.1\fileHashes)"        [_thread_blocked, id=1420, stack(0x0000000f24300000,0x0000000f24400000) (1024K)]
  0x000001a59e10cfb0 JavaThread "Cache worker for Build Output Cleanup Cache (D:\Third year Project to present\Team48-API\.gradle\buildOutputCleanup)"        [_thread_blocked, id=6464, stack(0x0000000f24700000,0x0000000f24800000) (1024K)]
  0x000001a59e10d780 JavaThread "Cache worker for checksums cache (D:\Third year Project to present\Team48-API\.gradle\9.4.1\checksums)"        [_thread_blocked, id=16224, stack(0x0000000f24800000,0x0000000f24900000) (1024K)]
  0x000001a59e7404f0 JavaThread "Cache worker for cache directory md-supplier (C:\Users\Zack.LAPTOP-GOMAQHKI\.gradle\caches\9.4.1\md-supplier)"        [_thread_blocked, id=17628, stack(0x0000000f24c00000,0x0000000f24d00000) (1024K)]
  0x000001a59e739f60 JavaThread "Cache worker for cache directory md-rule (C:\Users\Zack.LAPTOP-GOMAQHKI\.gradle\caches\9.4.1\md-rule)"        [_thread_blocked, id=15104, stack(0x0000000f24d00000,0x0000000f24e00000) (1024K)]
  0x000001a59ec19040 JavaThread "Build operations"                  [_thread_blocked, id=15288, stack(0x0000000f24e00000,0x0000000f24f00000) (1024K)]
  0x000001a59ec1c6f0 JavaThread "Build operations Thread 2"         [_thread_blocked, id=16540, stack(0x0000000f25200000,0x0000000f25300000) (1024K)]
  0x000001a59ec18870 JavaThread "Build operations Thread 3"         [_thread_blocked, id=14136, stack(0x0000000f25300000,0x0000000f25400000) (1024K)]
  0x000001a59e1d1dd0 JavaThread "Build operations Thread 4"         [_thread_blocked, id=16868, stack(0x0000000f25a00000,0x0000000f25b00000) (1024K)]
Total: 47

Other Threads:
  0x000001a5fbc968e0 VMThread "VM Thread"                           [id=6616, stack(0x0000000f22b00000,0x0000000f22c00000) (1024K)]
  0x000001a5fbc896b0 WatcherThread "VM Periodic Task Thread"        [id=2212, stack(0x0000000f22a00000,0x0000000f22b00000) (1024K)]
  0x000001a5fbc2eff0 WorkerThread "GC Thread#0"                     [id=764, stack(0x0000000f22400000,0x0000000f22500000) (1024K)]
  0x000001a59c8e9710 WorkerThread "GC Thread#1"                     [id=2376, stack(0x0000000f23600000,0x0000000f23700000) (1024K)]
  0x000001a59c8e6350 WorkerThread "GC Thread#2"                     [id=11136, stack(0x0000000f23700000,0x0000000f23800000) (1024K)]
  0x000001a59c8e8e70 WorkerThread "GC Thread#3"                     [id=13848, stack(0x0000000f23800000,0x0000000f23900000) (1024K)]
  0x000001a5f99c9fd0 ConcurrentGCThread "G1 Main Marker"            [id=10852, stack(0x0000000f22500000,0x0000000f22600000) (1024K)]
  0x000001a5f99caad0 WorkerThread "G1 Conc#0"                       [id=15896, stack(0x0000000f22600000,0x0000000f22700000) (1024K)]
  0x000001a5fbc7c580 WorkerThread "G1 Refinement Workers#0"         [id=4952, stack(0x0000000f22800000,0x0000000f22900000) (1024K)]
  0x000001a5fbc7bbc0 ConcurrentGCThread "G1 Refine Control"         [id=80, stack(0x0000000f22700000,0x0000000f22800000) (1024K)]
  0x000001a5fbc7cef0 ConcurrentGCThread "G1 Service"                [id=6604, stack(0x0000000f22900000,0x0000000f22a00000) (1024K)]
Total: 11

Threads with active compile tasks:
C2 CompilerThread0  317243 17376       4       org.gradle.api.internal.artifacts.ivyservice.resolveengine.graph.builder.ComponentState$$Lambda/0x000000003488a3f0::accept (12 bytes)
Total: 1

VM state: not at safepoint (normal execution)

VM Mutex/Monitor currently owned by a thread: None

Heap address: 0x00000000e0000000, size: 512 MB, Compressed Oops mode: 32-bit

CDS archive(s) mapped at: [0x0000000033000000-0x0000000033de0000-0x0000000033de0000), size 14548992, SharedBaseAddress: 0x0000000033000000, ArchiveRelocationMode: 1.
Compressed class space mapped at: 0x0000000034000000-0x0000000048000000, reserved size: 335544320
UseCompressedClassPointers 1, UseCompactObjectHeaders 0
Narrow klass pointer bits 32, Max shift 3
Narrow klass base: 0x0000000033000000, Narrow klass shift: 0
Encoding Range: [0x0000000033000000 - 0x0000000133000000), (4294967296 bytes)
Klass Range:    [0x0000000033000000 - 0x0000000048000000), (352321536 bytes)
Klass ID Range:  [8 - 352321529) (352321521)
Protection zone: [0x0000000033000000 - 0x0000000033010000), (65536 bytes)

GC Precious Log:
 CardTable entry size: 512
 Card Set container configuration: InlinePtr #cards 5 size 8 Array Of Cards #cards 10 size 36 Howl #buckets 4 coarsen threshold 1843 Howl Bitmap #cards 512 size 80 coarsen threshold 460 Card regions per heap region 1 cards per card region 2048
 CPUs: 4 total, 4 available
 Memory: 8025M
 Large Page Support: Disabled
 NUMA Support: Disabled
 Compressed Oops: Enabled (32-bit)
 Heap Region Size: 1M
 Heap Min Capacity: 256M
 Heap Initial Capacity: 256M
 Heap Max Capacity: 512M
 Pre-touch: Disabled
 Parallel Workers: 4
 Concurrent Workers: 1
 Concurrent Refinement Workers: 4
 Periodic GC: Disabled

Heap:
 garbage-first heap   total reserved 524288K, committed 262144K, used 231600K [0x00000000e0000000, 0x0000000100000000)
  region size 1M, 138 eden (138M), 5 survivor (5M), 76 old (76M), 9 humongous (9M), 28 free (28M)

Heap Regions: E=young(eden), S=young(survivor), O=old, HS=humongous(starts), HC=humongous(continues), CS=collection set, F=free, TAMS=top-at-mark-start, PB=parsable bottom
|    0|0x00000000e0000000, 0x00000000e0100000, 0x00000000e0100000|100%|HS|  |TAMS 0x00000000e0000000| PB 0x00000000e0000000| Complete  |  0
|    1|0x00000000e0100000, 0x00000000e0200000, 0x00000000e0200000|100%|HC|  |TAMS 0x00000000e0100000| PB 0x00000000e0100000| Complete  |  0
|    2|0x00000000e0200000, 0x00000000e0300000, 0x00000000e0300000|100%|HC|  |TAMS 0x00000000e0200000| PB 0x00000000e0200000| Complete  |  0
|    3|0x00000000e0300000, 0x00000000e0400000, 0x00000000e0400000|100%|HC|  |TAMS 0x00000000e0300000| PB 0x00000000e0300000| Complete  |  0
|    4|0x00000000e0400000, 0x00000000e0500000, 0x00000000e0500000|100%| O|  |TAMS 0x00000000e0400000| PB 0x00000000e0400000| Untracked |  0
|    5|0x00000000e0500000, 0x00000000e0600000, 0x00000000e0600000|100%| O|  |TAMS 0x00000000e0500000| PB 0x00000000e0500000| Untracked |  0
|    6|0x00000000e0600000, 0x00000000e0700000, 0x00000000e0700000|100%| O|  |TAMS 0x00000000e0600000| PB 0x00000000e0600000| Untracked |  0
|    7|0x00000000e0700000, 0x00000000e0800000, 0x00000000e0800000|100%|HS|  |TAMS 0x00000000e0700000| PB 0x00000000e0700000| Complete  |  0
|    8|0x00000000e0800000, 0x00000000e0900000, 0x00000000e0900000|100%| O|  |TAMS 0x00000000e0800000| PB 0x00000000e0800000| Untracked |  0
|    9|0x00000000e0900000, 0x00000000e0a00000, 0x00000000e0a00000|100%| O|  |TAMS 0x00000000e0900000| PB 0x00000000e0900000| Untracked |  0
|   10|0x00000000e0a00000, 0x00000000e0b00000, 0x00000000e0b00000|100%| O|  |TAMS 0x00000000e0a00000| PB 0x00000000e0a00000| Untracked |  0
|   11|0x00000000e0b00000, 0x00000000e0c00000, 0x00000000e0c00000|100%| O|  |TAMS 0x00000000e0b00000| PB 0x00000000e0b00000| Untracked |  0
|   12|0x00000000e0c00000, 0x00000000e0d00000, 0x00000000e0d00000|100%| O|  |TAMS 0x00000000e0c00000| PB 0x00000000e0c00000| Untracked |  0
|   13|0x00000000e0d00000, 0x00000000e0e00000, 0x00000000e0e00000|100%| O|  |TAMS 0x00000000e0d00000| PB 0x00000000e0d00000| Untracked |  0
|   14|0x00000000e0e00000, 0x00000000e0f00000, 0x00000000e0f00000|100%| O|  |TAMS 0x00000000e0e00000| PB 0x00000000e0e00000| Untracked |  0
|   15|0x00000000e0f00000, 0x00000000e1000000, 0x00000000e1000000|100%| O|  |TAMS 0x00000000e0f00000| PB 0x00000000e0f00000| Untracked |  0
|   16|0x00000000e1000000, 0x00000000e1100000, 0x00000000e1100000|100%| O|  |TAMS 0x00000000e1000000| PB 0x00000000e1000000| Untracked |  0
|   17|0x00000000e1100000, 0x00000000e1200000, 0x00000000e1200000|100%| O|  |TAMS 0x00000000e1100000| PB 0x00000000e1100000| Untracked |  0
|   18|0x00000000e1200000, 0x00000000e1300000, 0x00000000e1300000|100%| O|  |TAMS 0x00000000e1200000| PB 0x00000000e1200000| Untracked |  0
|   19|0x00000000e1300000, 0x00000000e1400000, 0x00000000e1400000|100%| O|  |TAMS 0x00000000e1300000| PB 0x00000000e1300000| Untracked |  0
|   20|0x00000000e1400000, 0x00000000e1500000, 0x00000000e1500000|100%|HS|  |TAMS 0x00000000e1400000| PB 0x00000000e1400000| Complete  |  0
|   21|0x00000000e1500000, 0x00000000e1600000, 0x00000000e1600000|100%| O|  |TAMS 0x00000000e1500000| PB 0x00000000e1500000| Untracked |  0
|   22|0x00000000e1600000, 0x00000000e1700000, 0x00000000e1700000|100%| O|  |TAMS 0x00000000e1600000| PB 0x00000000e1600000| Untracked |  0
|   23|0x00000000e1700000, 0x00000000e1800000, 0x00000000e1800000|100%| O|  |TAMS 0x00000000e1700000| PB 0x00000000e1700000| Untracked |  0
|   24|0x00000000e1800000, 0x00000000e1900000, 0x00000000e1900000|100%| O|  |TAMS 0x00000000e1800000| PB 0x00000000e1800000| Untracked |  0
|   25|0x00000000e1900000, 0x00000000e1a00000, 0x00000000e1a00000|100%| O|  |TAMS 0x00000000e1900000| PB 0x00000000e1900000| Untracked |  0
|   26|0x00000000e1a00000, 0x00000000e1b00000, 0x00000000e1b00000|100%| O|  |TAMS 0x00000000e1a00000| PB 0x00000000e1a00000| Untracked |  0
|   27|0x00000000e1b00000, 0x00000000e1c00000, 0x00000000e1c00000|100%| O|  |TAMS 0x00000000e1b00000| PB 0x00000000e1b00000| Untracked |  0
|   28|0x00000000e1c00000, 0x00000000e1d00000, 0x00000000e1d00000|100%| O|  |TAMS 0x00000000e1c00000| PB 0x00000000e1c00000| Untracked |  0
|   29|0x00000000e1d00000, 0x00000000e1e00000, 0x00000000e1e00000|100%| O|  |TAMS 0x00000000e1d00000| PB 0x00000000e1d00000| Untracked |  0
|   30|0x00000000e1e00000, 0x00000000e1f00000, 0x00000000e1f00000|100%| O|  |TAMS 0x00000000e1e00000| PB 0x00000000e1e00000| Untracked |  0
|   31|0x00000000e1f00000, 0x00000000e2000000, 0x00000000e2000000|100%| O|  |TAMS 0x00000000e1f00000| PB 0x00000000e1f00000| Untracked |  0
|   32|0x00000000e2000000, 0x00000000e2100000, 0x00000000e2100000|100%| O|  |TAMS 0x00000000e2000000| PB 0x00000000e2000000| Untracked |  0
|   33|0x00000000e2100000, 0x00000000e2200000, 0x00000000e2200000|100%| O|  |TAMS 0x00000000e2100000| PB 0x00000000e2100000| Untracked |  0
|   34|0x00000000e2200000, 0x00000000e2300000, 0x00000000e2300000|100%| O|  |TAMS 0x00000000e2200000| PB 0x00000000e2200000| Untracked |  0
|   35|0x00000000e2300000, 0x00000000e2400000, 0x00000000e2400000|100%| O|  |TAMS 0x00000000e2300000| PB 0x00000000e2300000| Untracked |  0
|   36|0x00000000e2400000, 0x00000000e2500000, 0x00000000e2500000|100%| O|  |TAMS 0x00000000e2400000| PB 0x00000000e2400000| Untracked |  0
|   37|0x00000000e2500000, 0x00000000e2600000, 0x00000000e2600000|100%| O|  |TAMS 0x00000000e2500000| PB 0x00000000e2500000| Untracked |  0
|   38|0x00000000e2600000, 0x00000000e2700000, 0x00000000e2700000|100%| O|  |TAMS 0x00000000e2600000| PB 0x00000000e2600000| Untracked |  0
|   39|0x00000000e2700000, 0x00000000e2800000, 0x00000000e2800000|100%| O|  |TAMS 0x00000000e2700000| PB 0x00000000e2700000| Untracked |  0
|   40|0x00000000e2800000, 0x00000000e2900000, 0x00000000e2900000|100%| O|  |TAMS 0x00000000e2800000| PB 0x00000000e2800000| Untracked |  0
|   41|0x00000000e2900000, 0x00000000e2a00000, 0x00000000e2a00000|100%|HS|  |TAMS 0x00000000e2900000| PB 0x00000000e2900000| Complete  |  0
|   42|0x00000000e2a00000, 0x00000000e2b00000, 0x00000000e2b00000|100%|HS|  |TAMS 0x00000000e2a00000| PB 0x00000000e2a00000| Complete  |  0
|   43|0x00000000e2b00000, 0x00000000e2b2c368, 0x00000000e2c00000| 17%| O|Cm|TAMS 0x00000000e2b00000| PB 0x00000000e2b00000| Complete  |  0
|   44|0x00000000e2c00000, 0x00000000e2d00000, 0x00000000e2d00000|100%| O|  |TAMS 0x00000000e2c00000| PB 0x00000000e2c00000| Untracked |  0
|   45|0x00000000e2d00000, 0x00000000e2e00000, 0x00000000e2e00000|100%| O|  |TAMS 0x00000000e2d00000| PB 0x00000000e2d00000| Untracked |  0
|   46|0x00000000e2e00000, 0x00000000e2f00000, 0x00000000e2f00000|100%| O|  |TAMS 0x00000000e2e00000| PB 0x00000000e2e00000| Untracked |  0
|   47|0x00000000e2f00000, 0x00000000e3000000, 0x00000000e3000000|100%| O|  |TAMS 0x00000000e2f00000| PB 0x00000000e2f00000| Untracked |  0
|   48|0x00000000e3000000, 0x00000000e3100000, 0x00000000e3100000|100%| O|  |TAMS 0x00000000e3000000| PB 0x00000000e3000000| Untracked |  0
|   49|0x00000000e3100000, 0x00000000e3200000, 0x00000000e3200000|100%| O|  |TAMS 0x00000000e3100000| PB 0x00000000e3100000| Untracked |  0
|   50|0x00000000e3200000, 0x00000000e3300000, 0x00000000e3300000|100%| O|  |TAMS 0x00000000e3200000| PB 0x00000000e3200000| Untracked |  0
|   51|0x00000000e3300000, 0x00000000e3400000, 0x00000000e3400000|100%| O|  |TAMS 0x00000000e3300000| PB 0x00000000e3300000| Untracked |  0
|   52|0x00000000e3400000, 0x00000000e3500000, 0x00000000e3500000|100%| O|  |TAMS 0x00000000e3400000| PB 0x00000000e3400000| Untracked |  0
|   53|0x00000000e3500000, 0x00000000e3600000, 0x00000000e3600000|100%| O|  |TAMS 0x00000000e3500000| PB 0x00000000e3500000| Untracked |  0
|   54|0x00000000e3600000, 0x00000000e3700000, 0x00000000e3700000|100%| O|  |TAMS 0x00000000e3600000| PB 0x00000000e3600000| Untracked |  0
|   55|0x00000000e3700000, 0x00000000e3800000, 0x00000000e3800000|100%| O|  |TAMS 0x00000000e3700000| PB 0x00000000e3700000| Untracked |  0
|   56|0x00000000e3800000, 0x00000000e3900000, 0x00000000e3900000|100%| O|  |TAMS 0x00000000e3800000| PB 0x00000000e3800000| Untracked |  0
|   57|0x00000000e3900000, 0x00000000e3a00000, 0x00000000e3a00000|100%| O|  |TAMS 0x00000000e3900000| PB 0x00000000e3900000| Untracked |  0
|   58|0x00000000e3a00000, 0x00000000e3b00000, 0x00000000e3b00000|100%| O|  |TAMS 0x00000000e3a00000| PB 0x00000000e3a00000| Untracked |  0
|   59|0x00000000e3b00000, 0x00000000e3c00000, 0x00000000e3c00000|100%| O|  |TAMS 0x00000000e3b00000| PB 0x00000000e3b00000| Untracked |  0
|   60|0x00000000e3c00000, 0x00000000e3d00000, 0x00000000e3d00000|100%| O|  |TAMS 0x00000000e3c00000| PB 0x00000000e3c00000| Untracked |  0
|   61|0x00000000e3d00000, 0x00000000e3e00000, 0x00000000e3e00000|100%| O|  |TAMS 0x00000000e3d00000| PB 0x00000000e3d00000| Untracked |  0
|   62|0x00000000e3e00000, 0x00000000e3f00000, 0x00000000e3f00000|100%| O|  |TAMS 0x00000000e3e00000| PB 0x00000000e3e00000| Untracked |  0
|   63|0x00000000e3f00000, 0x00000000e4000000, 0x00000000e4000000|100%|HS|  |TAMS 0x00000000e3f00000| PB 0x00000000e3f00000| Complete  |  0
|   64|0x00000000e4000000, 0x00000000e4100000, 0x00000000e4100000|100%| O|  |TAMS 0x00000000e4000000| PB 0x00000000e4000000| Untracked |  0
|   65|0x00000000e4100000, 0x00000000e4200000, 0x00000000e4200000|100%| O|  |TAMS 0x00000000e4100000| PB 0x00000000e4100000| Untracked |  0
|   66|0x00000000e4200000, 0x00000000e4300000, 0x00000000e4300000|100%| O|  |TAMS 0x00000000e4200000| PB 0x00000000e4200000| Untracked |  0
|   67|0x00000000e4300000, 0x00000000e4400000, 0x00000000e4400000|100%| O|  |TAMS 0x00000000e4300000| PB 0x00000000e4300000| Untracked |  0
|   68|0x00000000e4400000, 0x00000000e4500000, 0x00000000e4500000|100%| O|  |TAMS 0x00000000e4400000| PB 0x00000000e4400000| Untracked |  0
|   69|0x00000000e4500000, 0x00000000e4600000, 0x00000000e4600000|100%| O|  |TAMS 0x00000000e4500000| PB 0x00000000e4500000| Untracked |  0
|   70|0x00000000e4600000, 0x00000000e4700000, 0x00000000e4700000|100%| O|  |TAMS 0x00000000e4600000| PB 0x00000000e4600000| Untracked |  0
|   71|0x00000000e4700000, 0x00000000e4800000, 0x00000000e4800000|100%| O|  |TAMS 0x00000000e4700000| PB 0x00000000e4700000| Untracked |  0
|   72|0x00000000e4800000, 0x00000000e4900000, 0x00000000e4900000|100%| O|  |TAMS 0x00000000e4800000| PB 0x00000000e4800000| Untracked |  0
|   73|0x00000000e4900000, 0x00000000e4a00000, 0x00000000e4a00000|100%| O|  |TAMS 0x00000000e4900000| PB 0x00000000e4900000| Untracked |  0
|   74|0x00000000e4a00000, 0x00000000e4b00000, 0x00000000e4b00000|100%| O|  |TAMS 0x00000000e4a00000| PB 0x00000000e4a00000| Untracked |  0
|   75|0x00000000e4b00000, 0x00000000e4c00000, 0x00000000e4c00000|100%| O|  |TAMS 0x00000000e4b00000| PB 0x00000000e4b00000| Untracked |  0
|   76|0x00000000e4c00000, 0x00000000e4d00000, 0x00000000e4d00000|100%| O|  |TAMS 0x00000000e4c00000| PB 0x00000000e4c00000| Untracked |  0
|   77|0x00000000e4d00000, 0x00000000e4e00000, 0x00000000e4e00000|100%| O|  |TAMS 0x00000000e4d00000| PB 0x00000000e4d00000| Untracked |  0
|   78|0x00000000e4e00000, 0x00000000e4f00000, 0x00000000e4f00000|100%| O|  |TAMS 0x00000000e4e00000| PB 0x00000000e4e00000| Untracked |  0
|   79|0x00000000e4f00000, 0x00000000e5000000, 0x00000000e5000000|100%| O|  |TAMS 0x00000000e4f00000| PB 0x00000000e4f00000| Untracked |  0
|   80|0x00000000e5000000, 0x00000000e5100000, 0x00000000e5100000|100%| O|  |TAMS 0x00000000e5000000| PB 0x00000000e5000000| Untracked |  0
|   81|0x00000000e5100000, 0x00000000e5200000, 0x00000000e5200000|100%| O|  |TAMS 0x00000000e5100000| PB 0x00000000e5100000| Untracked |  0
|   82|0x00000000e5200000, 0x00000000e5300000, 0x00000000e5300000|100%| O|  |TAMS 0x00000000e5200000| PB 0x00000000e5200000| Untracked |  0
|   83|0x00000000e5300000, 0x00000000e5400000, 0x00000000e5400000|100%| O|  |TAMS 0x00000000e5300000| PB 0x00000000e5300000| Untracked |  0
|   84|0x00000000e5400000, 0x00000000e5400000, 0x00000000e5500000|  0%| F|  |TAMS 0x00000000e5400000| PB 0x00000000e5400000| Untracked |  0
|   85|0x00000000e5500000, 0x00000000e5500000, 0x00000000e5600000|  0%| F|  |TAMS 0x00000000e5500000| PB 0x00000000e5500000| Untracked |  0
|   86|0x00000000e5600000, 0x00000000e5600000, 0x00000000e5700000|  0%| F|  |TAMS 0x00000000e5600000| PB 0x00000000e5600000| Untracked |  0
|   87|0x00000000e5700000, 0x00000000e5700000, 0x00000000e5800000|  0%| F|  |TAMS 0x00000000e5700000| PB 0x00000000e5700000| Untracked |  0
|   88|0x00000000e5800000, 0x00000000e5800000, 0x00000000e5900000|  0%| F|  |TAMS 0x00000000e5800000| PB 0x00000000e5800000| Untracked |  0
|   89|0x00000000e5900000, 0x00000000e5900000, 0x00000000e5a00000|  0%| F|  |TAMS 0x00000000e5900000| PB 0x00000000e5900000| Untracked |  0
|   90|0x00000000e5a00000, 0x00000000e5a00000, 0x00000000e5b00000|  0%| F|  |TAMS 0x00000000e5a00000| PB 0x00000000e5a00000| Untracked |  0
|   91|0x00000000e5b00000, 0x00000000e5b00000, 0x00000000e5c00000|  0%| F|  |TAMS 0x00000000e5b00000| PB 0x00000000e5b00000| Untracked |  0
|   92|0x00000000e5c00000, 0x00000000e5c00000, 0x00000000e5d00000|  0%| F|  |TAMS 0x00000000e5c00000| PB 0x00000000e5c00000| Untracked |  0
|   93|0x00000000e5d00000, 0x00000000e5d00000, 0x00000000e5e00000|  0%| F|  |TAMS 0x00000000e5d00000| PB 0x00000000e5d00000| Untracked |  0
|   94|0x00000000e5e00000, 0x00000000e5e00000, 0x00000000e5f00000|  0%| F|  |TAMS 0x00000000e5e00000| PB 0x00000000e5e00000| Untracked |  0
|   95|0x00000000e5f00000, 0x00000000e5f00000, 0x00000000e6000000|  0%| F|  |TAMS 0x00000000e5f00000| PB 0x00000000e5f00000| Untracked |  0
|   96|0x00000000e6000000, 0x00000000e6000000, 0x00000000e6100000|  0%| F|  |TAMS 0x00000000e6000000| PB 0x00000000e6000000| Untracked |  0
|   97|0x00000000e6100000, 0x00000000e6100000, 0x00000000e6200000|  0%| F|  |TAMS 0x00000000e6100000| PB 0x00000000e6100000| Untracked |  0
|   98|0x00000000e6200000, 0x00000000e6200000, 0x00000000e6300000|  0%| F|  |TAMS 0x00000000e6200000| PB 0x00000000e6200000| Untracked |  0
|   99|0x00000000e6300000, 0x00000000e6300000, 0x00000000e6400000|  0%| F|  |TAMS 0x00000000e6300000| PB 0x00000000e6300000| Untracked |  0
|  100|0x00000000e6400000, 0x00000000e6400000, 0x00000000e6500000|  0%| F|  |TAMS 0x00000000e6400000| PB 0x00000000e6400000| Untracked |  0
|  101|0x00000000e6500000, 0x00000000e6500000, 0x00000000e6600000|  0%| F|  |TAMS 0x00000000e6500000| PB 0x00000000e6500000| Untracked |  0
|  102|0x00000000e6600000, 0x00000000e6600000, 0x00000000e6700000|  0%| F|  |TAMS 0x00000000e6600000| PB 0x00000000e6600000| Untracked |  0
|  103|0x00000000e6700000, 0x00000000e6700000, 0x00000000e6800000|  0%| F|  |TAMS 0x00000000e6700000| PB 0x00000000e6700000| Untracked |  0
|  104|0x00000000e6800000, 0x00000000e6800000, 0x00000000e6900000|  0%| F|  |TAMS 0x00000000e6800000| PB 0x00000000e6800000| Untracked |  0
|  105|0x00000000e6900000, 0x00000000e6900000, 0x00000000e6a00000|  0%| F|  |TAMS 0x00000000e6900000| PB 0x00000000e6900000| Untracked |  0
|  106|0x00000000e6a00000, 0x00000000e6a00000, 0x00000000e6b00000|  0%| F|  |TAMS 0x00000000e6a00000| PB 0x00000000e6a00000| Untracked |  0
|  107|0x00000000e6b00000, 0x00000000e6b00000, 0x00000000e6c00000|  0%| F|  |TAMS 0x00000000e6b00000| PB 0x00000000e6b00000| Untracked |  0
|  108|0x00000000e6c00000, 0x00000000e6c00000, 0x00000000e6d00000|  0%| F|  |TAMS 0x00000000e6c00000| PB 0x00000000e6c00000| Untracked |  0
|  109|0x00000000e6d00000, 0x00000000e6d00000, 0x00000000e6e00000|  0%| F|  |TAMS 0x00000000e6d00000| PB 0x00000000e6d00000| Untracked |  0
|  110|0x00000000e6e00000, 0x00000000e6e00000, 0x00000000e6f00000|  0%| F|  |TAMS 0x00000000e6e00000| PB 0x00000000e6e00000| Untracked |  0
|  111|0x00000000e6f00000, 0x00000000e7000000, 0x00000000e7000000|100%| S|CS|TAMS 0x00000000e6f00000| PB 0x00000000e6f00000| Complete  |  0
|  112|0x00000000e7000000, 0x00000000e7100000, 0x00000000e7100000|100%| S|CS|TAMS 0x00000000e7000000| PB 0x00000000e7000000| Complete  |  0
|  113|0x00000000e7100000, 0x00000000e7200000, 0x00000000e7200000|100%| S|CS|TAMS 0x00000000e7100000| PB 0x00000000e7100000| Complete  |  0
|  114|0x00000000e7200000, 0x00000000e7300000, 0x00000000e7300000|100%| S|CS|TAMS 0x00000000e7200000| PB 0x00000000e7200000| Complete  |  0
|  115|0x00000000e7300000, 0x00000000e7400000, 0x00000000e7400000|100%| S|CS|TAMS 0x00000000e7300000| PB 0x00000000e7300000| Complete  |  0
|  116|0x00000000e7400000, 0x00000000e7400000, 0x00000000e7500000|  0%| F|  |TAMS 0x00000000e7400000| PB 0x00000000e7400000| Untracked |  0
|  117|0x00000000e7500000, 0x00000000e755ec68, 0x00000000e7600000| 37%| E|CS|TAMS 0x00000000e7500000| PB 0x00000000e7500000| Complete  |  0
|  118|0x00000000e7600000, 0x00000000e7700000, 0x00000000e7700000|100%| E|CS|TAMS 0x00000000e7600000| PB 0x00000000e7600000| Complete  |  0
|  119|0x00000000e7700000, 0x00000000e7800000, 0x00000000e7800000|100%| E|CS|TAMS 0x00000000e7700000| PB 0x00000000e7700000| Complete  |  0
|  120|0x00000000e7800000, 0x00000000e7900000, 0x00000000e7900000|100%| E|CS|TAMS 0x00000000e7800000| PB 0x00000000e7800000| Complete  |  0
|  121|0x00000000e7900000, 0x00000000e7a00000, 0x00000000e7a00000|100%| E|CS|TAMS 0x00000000e7900000| PB 0x00000000e7900000| Complete  |  0
|  122|0x00000000e7a00000, 0x00000000e7b00000, 0x00000000e7b00000|100%| E|CS|TAMS 0x00000000e7a00000| PB 0x00000000e7a00000| Complete  |  0
|  123|0x00000000e7b00000, 0x00000000e7c00000, 0x00000000e7c00000|100%| E|CS|TAMS 0x00000000e7b00000| PB 0x00000000e7b00000| Complete  |  0
|  124|0x00000000e7c00000, 0x00000000e7d00000, 0x00000000e7d00000|100%| E|CS|TAMS 0x00000000e7c00000| PB 0x00000000e7c00000| Complete  |  0
|  125|0x00000000e7d00000, 0x00000000e7e00000, 0x00000000e7e00000|100%| E|CS|TAMS 0x00000000e7d00000| PB 0x00000000e7d00000| Complete  |  0
|  126|0x00000000e7e00000, 0x00000000e7f00000, 0x00000000e7f00000|100%| E|CS|TAMS 0x00000000e7e00000| PB 0x00000000e7e00000| Complete  |  0
|  127|0x00000000e7f00000, 0x00000000e8000000, 0x00000000e8000000|100%| E|CS|TAMS 0x00000000e7f00000| PB 0x00000000e7f00000| Complete  |  0
|  128|0x00000000e8000000, 0x00000000e8100000, 0x00000000e8100000|100%| E|CS|TAMS 0x00000000e8000000| PB 0x00000000e8000000| Complete  |  0
|  129|0x00000000e8100000, 0x00000000e8200000, 0x00000000e8200000|100%| E|CS|TAMS 0x00000000e8100000| PB 0x00000000e8100000| Complete  |  0
|  130|0x00000000e8200000, 0x00000000e8300000, 0x00000000e8300000|100%| E|CS|TAMS 0x00000000e8200000| PB 0x00000000e8200000| Complete  |  0
|  131|0x00000000e8300000, 0x00000000e8400000, 0x00000000e8400000|100%| E|CS|TAMS 0x00000000e8300000| PB 0x00000000e8300000| Complete  |  0
|  132|0x00000000e8400000, 0x00000000e8500000, 0x00000000e8500000|100%| E|CS|TAMS 0x00000000e8400000| PB 0x00000000e8400000| Complete  |  0
|  133|0x00000000e8500000, 0x00000000e8600000, 0x00000000e8600000|100%| E|CS|TAMS 0x00000000e8500000| PB 0x00000000e8500000| Complete  |  0
|  134|0x00000000e8600000, 0x00000000e8700000, 0x00000000e8700000|100%| E|CS|TAMS 0x00000000e8600000| PB 0x00000000e8600000| Complete  |  0
|  135|0x00000000e8700000, 0x00000000e8800000, 0x00000000e8800000|100%| E|CS|TAMS 0x00000000e8700000| PB 0x00000000e8700000| Complete  |  0
|  136|0x00000000e8800000, 0x00000000e8900000, 0x00000000e8900000|100%| E|CS|TAMS 0x00000000e8800000| PB 0x00000000e8800000| Complete  |  0
|  137|0x00000000e8900000, 0x00000000e8a00000, 0x00000000e8a00000|100%| E|CS|TAMS 0x00000000e8900000| PB 0x00000000e8900000| Complete  |  0
|  138|0x00000000e8a00000, 0x00000000e8b00000, 0x00000000e8b00000|100%| E|CS|TAMS 0x00000000e8a00000| PB 0x00000000e8a00000| Complete  |  0
|  139|0x00000000e8b00000, 0x00000000e8c00000, 0x00000000e8c00000|100%| E|CS|TAMS 0x00000000e8b00000| PB 0x00000000e8b00000| Complete  |  0
|  140|0x00000000e8c00000, 0x00000000e8d00000, 0x00000000e8d00000|100%| E|CS|TAMS 0x00000000e8c00000| PB 0x00000000e8c00000| Complete  |  0
|  141|0x00000000e8d00000, 0x00000000e8e00000, 0x00000000e8e00000|100%| E|CS|TAMS 0x00000000e8d00000| PB 0x00000000e8d00000| Complete  |  0
|  142|0x00000000e8e00000, 0x00000000e8f00000, 0x00000000e8f00000|100%| E|CS|TAMS 0x00000000e8e00000| PB 0x00000000e8e00000| Complete  |  0
|  143|0x00000000e8f00000, 0x00000000e9000000, 0x00000000e9000000|100%| E|CS|TAMS 0x00000000e8f00000| PB 0x00000000e8f00000| Complete  |  0
|  144|0x00000000e9000000, 0x00000000e9100000, 0x00000000e9100000|100%| E|CS|TAMS 0x00000000e9000000| PB 0x00000000e9000000| Complete  |  0
|  145|0x00000000e9100000, 0x00000000e9200000, 0x00000000e9200000|100%| E|CS|TAMS 0x00000000e9100000| PB 0x00000000e9100000| Complete  |  0
|  146|0x00000000e9200000, 0x00000000e9300000, 0x00000000e9300000|100%| E|CS|TAMS 0x00000000e9200000| PB 0x00000000e9200000| Complete  |  0
|  147|0x00000000e9300000, 0x00000000e9400000, 0x00000000e9400000|100%| E|CS|TAMS 0x00000000e9300000| PB 0x00000000e9300000| Complete  |  0
|  148|0x00000000e9400000, 0x00000000e9500000, 0x00000000e9500000|100%| E|CS|TAMS 0x00000000e9400000| PB 0x00000000e9400000| Complete  |  0
|  149|0x00000000e9500000, 0x00000000e9600000, 0x00000000e9600000|100%| E|CS|TAMS 0x00000000e9500000| PB 0x00000000e9500000| Complete  |  0
|  150|0x00000000e9600000, 0x00000000e9700000, 0x00000000e9700000|100%| E|CS|TAMS 0x00000000e9600000| PB 0x00000000e9600000| Complete  |  0
|  151|0x00000000e9700000, 0x00000000e9800000, 0x00000000e9800000|100%| E|CS|TAMS 0x00000000e9700000| PB 0x00000000e9700000| Complete  |  0
|  152|0x00000000e9800000, 0x00000000e9900000, 0x00000000e9900000|100%| E|CS|TAMS 0x00000000e9800000| PB 0x00000000e9800000| Complete  |  0
|  153|0x00000000e9900000, 0x00000000e9a00000, 0x00000000e9a00000|100%| E|CS|TAMS 0x00000000e9900000| PB 0x00000000e9900000| Complete  |  0
|  154|0x00000000e9a00000, 0x00000000e9b00000, 0x00000000e9b00000|100%| E|CS|TAMS 0x00000000e9a00000| PB 0x00000000e9a00000| Complete  |  0
|  155|0x00000000e9b00000, 0x00000000e9c00000, 0x00000000e9c00000|100%| E|CS|TAMS 0x00000000e9b00000| PB 0x00000000e9b00000| Complete  |  0
|  156|0x00000000e9c00000, 0x00000000e9d00000, 0x00000000e9d00000|100%| E|CS|TAMS 0x00000000e9c00000| PB 0x00000000e9c00000| Complete  |  0
|  157|0x00000000e9d00000, 0x00000000e9e00000, 0x00000000e9e00000|100%| E|CS|TAMS 0x00000000e9d00000| PB 0x00000000e9d00000| Complete  |  0
|  158|0x00000000e9e00000, 0x00000000e9f00000, 0x00000000e9f00000|100%| E|CS|TAMS 0x00000000e9e00000| PB 0x00000000e9e00000| Complete  |  0
|  159|0x00000000e9f00000, 0x00000000ea000000, 0x00000000ea000000|100%| E|CS|TAMS 0x00000000e9f00000| PB 0x00000000e9f00000| Complete  |  0
|  160|0x00000000ea000000, 0x00000000ea100000, 0x00000000ea100000|100%| E|CS|TAMS 0x00000000ea000000| PB 0x00000000ea000000| Complete  |  0
|  161|0x00000000ea100000, 0x00000000ea200000, 0x00000000ea200000|100%| E|CS|TAMS 0x00000000ea100000| PB 0x00000000ea100000| Complete  |  0
|  162|0x00000000ea200000, 0x00000000ea300000, 0x00000000ea300000|100%| E|CS|TAMS 0x00000000ea200000| PB 0x00000000ea200000| Complete  |  0
|  163|0x00000000ea300000, 0x00000000ea400000, 0x00000000ea400000|100%| E|CS|TAMS 0x00000000ea300000| PB 0x00000000ea300000| Complete  |  0
|  164|0x00000000ea400000, 0x00000000ea500000, 0x00000000ea500000|100%| E|CS|TAMS 0x00000000ea400000| PB 0x00000000ea400000| Complete  |  0
|  165|0x00000000ea500000, 0x00000000ea600000, 0x00000000ea600000|100%| E|CS|TAMS 0x00000000ea500000| PB 0x00000000ea500000| Complete  |  0
|  166|0x00000000ea600000, 0x00000000ea700000, 0x00000000ea700000|100%| E|CS|TAMS 0x00000000ea600000| PB 0x00000000ea600000| Complete  |  0
|  167|0x00000000ea700000, 0x00000000ea800000, 0x00000000ea800000|100%| E|CS|TAMS 0x00000000ea700000| PB 0x00000000ea700000| Complete  |  0
|  168|0x00000000ea800000, 0x00000000ea900000, 0x00000000ea900000|100%| E|CS|TAMS 0x00000000ea800000| PB 0x00000000ea800000| Complete  |  0
|  169|0x00000000ea900000, 0x00000000eaa00000, 0x00000000eaa00000|100%| E|CS|TAMS 0x00000000ea900000| PB 0x00000000ea900000| Complete  |  0
|  170|0x00000000eaa00000, 0x00000000eab00000, 0x00000000eab00000|100%| E|CS|TAMS 0x00000000eaa00000| PB 0x00000000eaa00000| Complete  |  0
|  171|0x00000000eab00000, 0x00000000eac00000, 0x00000000eac00000|100%| E|CS|TAMS 0x00000000eab00000| PB 0x00000000eab00000| Complete  |  0
|  172|0x00000000eac00000, 0x00000000ead00000, 0x00000000ead00000|100%| E|CS|TAMS 0x00000000eac00000| PB 0x00000000eac00000| Complete  |  0
|  173|0x00000000ead00000, 0x00000000eae00000, 0x00000000eae00000|100%| E|CS|TAMS 0x00000000ead00000| PB 0x00000000ead00000| Complete  |  0
|  174|0x00000000eae00000, 0x00000000eaf00000, 0x00000000eaf00000|100%| E|CS|TAMS 0x00000000eae00000| PB 0x00000000eae00000| Complete  |  0
|  175|0x00000000eaf00000, 0x00000000eb000000, 0x00000000eb000000|100%| E|CS|TAMS 0x00000000eaf00000| PB 0x00000000eaf00000| Complete  |  0
|  176|0x00000000eb000000, 0x00000000eb100000, 0x00000000eb100000|100%| E|CS|TAMS 0x00000000eb000000| PB 0x00000000eb000000| Complete  |  0
|  177|0x00000000eb100000, 0x00000000eb200000, 0x00000000eb200000|100%| E|CS|TAMS 0x00000000eb100000| PB 0x00000000eb100000| Complete  |  0
|  178|0x00000000eb200000, 0x00000000eb300000, 0x00000000eb300000|100%| E|CS|TAMS 0x00000000eb200000| PB 0x00000000eb200000| Complete  |  0
|  179|0x00000000eb300000, 0x00000000eb400000, 0x00000000eb400000|100%| E|CS|TAMS 0x00000000eb300000| PB 0x00000000eb300000| Complete  |  0
|  180|0x00000000eb400000, 0x00000000eb500000, 0x00000000eb500000|100%| E|CS|TAMS 0x00000000eb400000| PB 0x00000000eb400000| Complete  |  0
|  181|0x00000000eb500000, 0x00000000eb600000, 0x00000000eb600000|100%| E|CS|TAMS 0x00000000eb500000| PB 0x00000000eb500000| Complete  |  0
|  182|0x00000000eb600000, 0x00000000eb700000, 0x00000000eb700000|100%| E|CS|TAMS 0x00000000eb600000| PB 0x00000000eb600000| Complete  |  0
|  183|0x00000000eb700000, 0x00000000eb800000, 0x00000000eb800000|100%| E|CS|TAMS 0x00000000eb700000| PB 0x00000000eb700000| Complete  |  0
|  184|0x00000000eb800000, 0x00000000eb900000, 0x00000000eb900000|100%| E|CS|TAMS 0x00000000eb800000| PB 0x00000000eb800000| Complete  |  0
|  185|0x00000000eb900000, 0x00000000eba00000, 0x00000000eba00000|100%| E|CS|TAMS 0x00000000eb900000| PB 0x00000000eb900000| Complete  |  0
|  186|0x00000000eba00000, 0x00000000ebb00000, 0x00000000ebb00000|100%| E|CS|TAMS 0x00000000eba00000| PB 0x00000000eba00000| Complete  |  0
|  187|0x00000000ebb00000, 0x00000000ebc00000, 0x00000000ebc00000|100%| E|CS|TAMS 0x00000000ebb00000| PB 0x00000000ebb00000| Complete  |  0
|  188|0x00000000ebc00000, 0x00000000ebd00000, 0x00000000ebd00000|100%| E|CS|TAMS 0x00000000ebc00000| PB 0x00000000ebc00000| Complete  |  0
|  189|0x00000000ebd00000, 0x00000000ebe00000, 0x00000000ebe00000|100%| E|CS|TAMS 0x00000000ebd00000| PB 0x00000000ebd00000| Complete  |  0
|  190|0x00000000ebe00000, 0x00000000ebf00000, 0x00000000ebf00000|100%| E|CS|TAMS 0x00000000ebe00000| PB 0x00000000ebe00000| Complete  |  0
|  191|0x00000000ebf00000, 0x00000000ec000000, 0x00000000ec000000|100%| E|CS|TAMS 0x00000000ebf00000| PB 0x00000000ebf00000| Complete  |  0
|  192|0x00000000ec000000, 0x00000000ec100000, 0x00000000ec100000|100%| E|CS|TAMS 0x00000000ec000000| PB 0x00000000ec000000| Complete  |  0
|  193|0x00000000ec100000, 0x00000000ec200000, 0x00000000ec200000|100%| E|CS|TAMS 0x00000000ec100000| PB 0x00000000ec100000| Complete  |  0
|  194|0x00000000ec200000, 0x00000000ec300000, 0x00000000ec300000|100%| E|CS|TAMS 0x00000000ec200000| PB 0x00000000ec200000| Complete  |  0
|  195|0x00000000ec300000, 0x00000000ec400000, 0x00000000ec400000|100%| E|CS|TAMS 0x00000000ec300000| PB 0x00000000ec300000| Complete  |  0
|  196|0x00000000ec400000, 0x00000000ec500000, 0x00000000ec500000|100%| E|CS|TAMS 0x00000000ec400000| PB 0x00000000ec400000| Complete  |  0
|  197|0x00000000ec500000, 0x00000000ec600000, 0x00000000ec600000|100%| E|CS|TAMS 0x00000000ec500000| PB 0x00000000ec500000| Complete  |  0
|  198|0x00000000ec600000, 0x00000000ec700000, 0x00000000ec700000|100%| E|CS|TAMS 0x00000000ec600000| PB 0x00000000ec600000| Complete  |  0
|  199|0x00000000ec700000, 0x00000000ec800000, 0x00000000ec800000|100%| E|CS|TAMS 0x00000000ec700000| PB 0x00000000ec700000| Complete  |  0
|  200|0x00000000ec800000, 0x00000000ec900000, 0x00000000ec900000|100%| E|CS|TAMS 0x00000000ec800000| PB 0x00000000ec800000| Complete  |  0
|  201|0x00000000ec900000, 0x00000000eca00000, 0x00000000eca00000|100%| E|CS|TAMS 0x00000000ec900000| PB 0x00000000ec900000| Complete  |  0
|  202|0x00000000eca00000, 0x00000000ecb00000, 0x00000000ecb00000|100%| E|CS|TAMS 0x00000000eca00000| PB 0x00000000eca00000| Complete  |  0
|  203|0x00000000ecb00000, 0x00000000ecc00000, 0x00000000ecc00000|100%| E|CS|TAMS 0x00000000ecb00000| PB 0x00000000ecb00000| Complete  |  0
|  204|0x00000000ecc00000, 0x00000000ecd00000, 0x00000000ecd00000|100%| E|CS|TAMS 0x00000000ecc00000| PB 0x00000000ecc00000| Complete  |  0
|  205|0x00000000ecd00000, 0x00000000ece00000, 0x00000000ece00000|100%| E|CS|TAMS 0x00000000ecd00000| PB 0x00000000ecd00000| Complete  |  0
|  206|0x00000000ece00000, 0x00000000ecf00000, 0x00000000ecf00000|100%| E|CS|TAMS 0x00000000ece00000| PB 0x00000000ece00000| Complete  |  0
|  207|0x00000000ecf00000, 0x00000000ed000000, 0x00000000ed000000|100%| E|CS|TAMS 0x00000000ecf00000| PB 0x00000000ecf00000| Complete  |  0
|  208|0x00000000ed000000, 0x00000000ed100000, 0x00000000ed100000|100%| E|CS|TAMS 0x00000000ed000000| PB 0x00000000ed000000| Complete  |  0
|  209|0x00000000ed100000, 0x00000000ed200000, 0x00000000ed200000|100%| E|CS|TAMS 0x00000000ed100000| PB 0x00000000ed100000| Complete  |  0
|  210|0x00000000ed200000, 0x00000000ed300000, 0x00000000ed300000|100%| E|CS|TAMS 0x00000000ed200000| PB 0x00000000ed200000| Complete  |  0
|  211|0x00000000ed300000, 0x00000000ed400000, 0x00000000ed400000|100%| E|CS|TAMS 0x00000000ed300000| PB 0x00000000ed300000| Complete  |  0
|  212|0x00000000ed400000, 0x00000000ed500000, 0x00000000ed500000|100%| E|CS|TAMS 0x00000000ed400000| PB 0x00000000ed400000| Complete  |  0
|  213|0x00000000ed500000, 0x00000000ed600000, 0x00000000ed600000|100%| E|CS|TAMS 0x00000000ed500000| PB 0x00000000ed500000| Complete  |  0
|  214|0x00000000ed600000, 0x00000000ed700000, 0x00000000ed700000|100%| E|CS|TAMS 0x00000000ed600000| PB 0x00000000ed600000| Complete  |  0
|  215|0x00000000ed700000, 0x00000000ed800000, 0x00000000ed800000|100%| E|CS|TAMS 0x00000000ed700000| PB 0x00000000ed700000| Complete  |  0
|  216|0x00000000ed800000, 0x00000000ed900000, 0x00000000ed900000|100%| E|CS|TAMS 0x00000000ed800000| PB 0x00000000ed800000| Complete  |  0
|  217|0x00000000ed900000, 0x00000000eda00000, 0x00000000eda00000|100%| E|CS|TAMS 0x00000000ed900000| PB 0x00000000ed900000| Complete  |  0
|  218|0x00000000eda00000, 0x00000000edb00000, 0x00000000edb00000|100%| E|CS|TAMS 0x00000000eda00000| PB 0x00000000eda00000| Complete  |  0
|  219|0x00000000edb00000, 0x00000000edc00000, 0x00000000edc00000|100%| E|CS|TAMS 0x00000000edb00000| PB 0x00000000edb00000| Complete  |  0
|  220|0x00000000edc00000, 0x00000000edd00000, 0x00000000edd00000|100%| E|CS|TAMS 0x00000000edc00000| PB 0x00000000edc00000| Complete  |  0
|  221|0x00000000edd00000, 0x00000000ede00000, 0x00000000ede00000|100%| E|CS|TAMS 0x00000000edd00000| PB 0x00000000edd00000| Complete  |  0
|  222|0x00000000ede00000, 0x00000000edf00000, 0x00000000edf00000|100%| E|CS|TAMS 0x00000000ede00000| PB 0x00000000ede00000| Complete  |  0
|  223|0x00000000edf00000, 0x00000000ee000000, 0x00000000ee000000|100%| E|CS|TAMS 0x00000000edf00000| PB 0x00000000edf00000| Complete  |  0
|  224|0x00000000ee000000, 0x00000000ee100000, 0x00000000ee100000|100%| E|CS|TAMS 0x00000000ee000000| PB 0x00000000ee000000| Complete  |  0
|  225|0x00000000ee100000, 0x00000000ee200000, 0x00000000ee200000|100%| E|CS|TAMS 0x00000000ee100000| PB 0x00000000ee100000| Complete  |  0
|  226|0x00000000ee200000, 0x00000000ee300000, 0x00000000ee300000|100%| E|CS|TAMS 0x00000000ee200000| PB 0x00000000ee200000| Complete  |  0
|  227|0x00000000ee300000, 0x00000000ee400000, 0x00000000ee400000|100%| E|CS|TAMS 0x00000000ee300000| PB 0x00000000ee300000| Complete  |  0
|  228|0x00000000ee400000, 0x00000000ee500000, 0x00000000ee500000|100%| E|CS|TAMS 0x00000000ee400000| PB 0x00000000ee400000| Complete  |  0
|  229|0x00000000ee500000, 0x00000000ee600000, 0x00000000ee600000|100%| E|CS|TAMS 0x00000000ee500000| PB 0x00000000ee500000| Complete  |  0
|  230|0x00000000ee600000, 0x00000000ee700000, 0x00000000ee700000|100%| E|CS|TAMS 0x00000000ee600000| PB 0x00000000ee600000| Complete  |  0
|  231|0x00000000ee700000, 0x00000000ee800000, 0x00000000ee800000|100%| E|CS|TAMS 0x00000000ee700000| PB 0x00000000ee700000| Complete  |  0
|  232|0x00000000ee800000, 0x00000000ee900000, 0x00000000ee900000|100%| E|CS|TAMS 0x00000000ee800000| PB 0x00000000ee800000| Complete  |  0
|  233|0x00000000ee900000, 0x00000000eea00000, 0x00000000eea00000|100%| E|CS|TAMS 0x00000000ee900000| PB 0x00000000ee900000| Complete  |  0
|  234|0x00000000eea00000, 0x00000000eeb00000, 0x00000000eeb00000|100%| E|CS|TAMS 0x00000000eea00000| PB 0x00000000eea00000| Complete  |  0
|  235|0x00000000eeb00000, 0x00000000eec00000, 0x00000000eec00000|100%| E|CS|TAMS 0x00000000eeb00000| PB 0x00000000eeb00000| Complete  |  0
|  236|0x00000000eec00000, 0x00000000eed00000, 0x00000000eed00000|100%| E|CS|TAMS 0x00000000eec00000| PB 0x00000000eec00000| Complete  |  0
|  237|0x00000000eed00000, 0x00000000eee00000, 0x00000000eee00000|100%| E|CS|TAMS 0x00000000eed00000| PB 0x00000000eed00000| Complete  |  0
|  238|0x00000000eee00000, 0x00000000eef00000, 0x00000000eef00000|100%| E|CS|TAMS 0x00000000eee00000| PB 0x00000000eee00000| Complete  |  0
|  239|0x00000000eef00000, 0x00000000ef000000, 0x00000000ef000000|100%| E|CS|TAMS 0x00000000eef00000| PB 0x00000000eef00000| Complete  |  0
|  240|0x00000000ef000000, 0x00000000ef100000, 0x00000000ef100000|100%| E|CS|TAMS 0x00000000ef000000| PB 0x00000000ef000000| Complete  |  0
|  241|0x00000000ef100000, 0x00000000ef200000, 0x00000000ef200000|100%| E|CS|TAMS 0x00000000ef100000| PB 0x00000000ef100000| Complete  |  0
|  242|0x00000000ef200000, 0x00000000ef300000, 0x00000000ef300000|100%| E|CS|TAMS 0x00000000ef200000| PB 0x00000000ef200000| Complete  |  0
|  243|0x00000000ef300000, 0x00000000ef400000, 0x00000000ef400000|100%| E|CS|TAMS 0x00000000ef300000| PB 0x00000000ef300000| Complete  |  0
|  244|0x00000000ef400000, 0x00000000ef500000, 0x00000000ef500000|100%| E|CS|TAMS 0x00000000ef400000| PB 0x00000000ef400000| Complete  |  0
|  245|0x00000000ef500000, 0x00000000ef600000, 0x00000000ef600000|100%| E|CS|TAMS 0x00000000ef500000| PB 0x00000000ef500000| Complete  |  0
|  246|0x00000000ef600000, 0x00000000ef700000, 0x00000000ef700000|100%| E|CS|TAMS 0x00000000ef600000| PB 0x00000000ef600000| Complete  |  0
|  247|0x00000000ef700000, 0x00000000ef800000, 0x00000000ef800000|100%| E|CS|TAMS 0x00000000ef700000| PB 0x00000000ef700000| Complete  |  0
|  248|0x00000000ef800000, 0x00000000ef900000, 0x00000000ef900000|100%| E|CS|TAMS 0x00000000ef800000| PB 0x00000000ef800000| Complete  |  0
|  249|0x00000000ef900000, 0x00000000efa00000, 0x00000000efa00000|100%| E|CS|TAMS 0x00000000ef900000| PB 0x00000000ef900000| Complete  |  0
|  250|0x00000000efa00000, 0x00000000efb00000, 0x00000000efb00000|100%| E|CS|TAMS 0x00000000efa00000| PB 0x00000000efa00000| Complete  |  0
|  251|0x00000000efb00000, 0x00000000efc00000, 0x00000000efc00000|100%| E|CS|TAMS 0x00000000efb00000| PB 0x00000000efb00000| Complete  |  0
|  252|0x00000000efc00000, 0x00000000efd00000, 0x00000000efd00000|100%| E|CS|TAMS 0x00000000efc00000| PB 0x00000000efc00000| Complete  |  0
|  253|0x00000000efd00000, 0x00000000efe00000, 0x00000000efe00000|100%| E|CS|TAMS 0x00000000efd00000| PB 0x00000000efd00000| Complete  |  0
|  254|0x00000000efe00000, 0x00000000eff00000, 0x00000000eff00000|100%| E|CS|TAMS 0x00000000efe00000| PB 0x00000000efe00000| Complete  |  0
|  510|0x00000000ffe00000, 0x00000000fff00000, 0x00000000fff00000|100%| O|  |TAMS 0x00000000ffe00000| PB 0x00000000ffe00000| Untracked |  0

Card table byte_map: [0x000001a5fbec0000,0x000001a5fbfc0000] _byte_map_base: 0x000001a5fb7c0000
Refinement table byte_map: [0x000001a5fbdc0000,0x000001a5fbec0000] _byte_map_base: 0x000001a5fb6c0000

Marking Bits: (CMBitMap*) 0x000001a5fbc2f570
 Bits: [0x000001a5fbfc0000, 0x000001a5fc7c0000)

Polling page: 0x000001a5f9ae0000

Metaspace:
Metaspace        used 80258K, committed 82624K, reserved 458752K
 class space     used 11855K, committed 13056K, reserved 327680K

Usage:
  Non-class:     66.80 MB used.
      Class:     11.58 MB used.
       Both:     78.38 MB used.

Virtual space:
  Non-class space:      128.00 MB reserved,      67.94 MB ( 53%) committed,  2 nodes.
      Class space:      320.00 MB reserved,      12.75 MB (  4%) committed,  1 nodes.
             Both:      448.00 MB reserved,      80.69 MB ( 18%) committed. 

Chunk freelists:
   Non-Class:  11.82 MB
       Class:  3.16 MB
        Both:  14.97 MB

MaxMetaspaceSize: 384.00 MB
CompressedClassSpaceSize: 320.00 MB
Initial GC threshold: 21.00 MB
Current GC threshold: 133.25 MB
CDS: on
 - commit_granule_bytes: 65536.
 - commit_granule_words: 8192.
 - virtual_space_node_default_size: 8388608.
 - enlarge_chunks_in_place: 1.
UseCompressedClassPointers 1, UseCompactObjectHeaders 0
Narrow klass pointer bits 32, Max shift 3
Narrow klass base: 0x0000000033000000, Narrow klass shift: 0
Encoding Range: [0x0000000033000000 - 0x0000000133000000), (4294967296 bytes)
Klass Range:    [0x0000000033000000 - 0x0000000048000000), (352321536 bytes)
Klass ID Range:  [8 - 352321529) (352321521)
Protection zone: [0x0000000033000000 - 0x0000000033010000), (65536 bytes)


Internal statistics:

num_allocs_failed_limit: 21.
num_arena_births: 4336.
num_arena_deaths: 0.
num_vsnodes_births: 3.
num_vsnodes_deaths: 0.
num_space_committed: 1291.
num_space_uncommitted: 0.
num_chunks_returned_to_freelist: 21.
num_chunks_taken_from_freelist: 8165.
num_chunk_merges: 15.
num_chunk_splits: 5236.
num_chunks_enlarged: 3168.
num_inconsistent_stats: 0.

CodeHeap 'non-profiled nmethods': size=120064Kb used=6413Kb max_used=6413Kb free=113651Kb
 bounds [0x000001a5906a0000, 0x000001a590cf0000, 0x000001a597be0000]
CodeHeap 'profiled nmethods': size=120000Kb used=24020Kb max_used=24020Kb free=95979Kb
 bounds [0x000001a588be0000, 0x000001a58a360000, 0x000001a590110000]
CodeHeap 'non-nmethods': size=5696Kb used=2048Kb max_used=2115Kb free=3647Kb
 bounds [0x000001a590110000, 0x000001a590380000, 0x000001a5906a0000]
CodeCache: size=245760Kb, used=32481Kb, max_used=32548Kb, free=213277Kb
 total_blobs=16797, nmethods=15919, adapters=780, full_count=0
Compilation: enabled, stopped_count=0, restarted_count=0

Compilation events (20 events):
Event: 316.261 Thread 0x000001a5fed284c0 nmethod 17366 0x000001a590ce0708 code [0x000001a590ce0800, 0x000001a590ce08b8]
Event: 316.603 Thread 0x000001a5fed227f0 17367       4       org.gradle.api.internal.attributes.DefaultImmutableAttributesContainer::getAttribute (67 bytes)
Event: 316.617 Thread 0x000001a5fed227f0 nmethod 17367 0x000001a590ce0a08 code [0x000001a590ce0b00, 0x000001a590ce1438]
Event: 316.635 Thread 0x000001a5fed284c0 17368       3       com.esotericsoftware.kryo.io.Input::readUtf8Length_slow (163 bytes)
Event: 316.635 Thread 0x000001a5fed284c0 nmethod 17368 0x000001a58a353388 code [0x000001a58a353480, 0x000001a58a3538e8]
Event: 316.737 Thread 0x000001a5fed227f0 17369       4       org.gradle.internal.component.model.DefaultExternalModuleComponentGraphResolveState$$Lambda/0x00000000348873e0::apply (12 bytes)
Event: 316.741 Thread 0x000001a5fed227f0 nmethod 17369 0x000001a590ce1488 code [0x000001a590ce1580, 0x000001a590ce1830]
Event: 316.741 Thread 0x000001a5fed227f0 17370       4       org.gradle.internal.component.model.DefaultExternalModuleComponentGraphResolveState$$Lambda/0x0000000034887b38::apply (16 bytes)
Event: 316.745 Thread 0x000001a5fed227f0 nmethod 17370 0x000001a590ce1888 code [0x000001a590ce1980, 0x000001a590ce1c88]
Event: 316.754 Thread 0x000001a5fed227f0 17371       4       org.gradle.api.internal.attributes.immutable.ImmutableAttributesSchemaFactory::concat (22 bytes)
Event: 316.763 Thread 0x000001a5fed227f0 nmethod 17371 0x000001a590ce1d08 code [0x000001a590ce1e00, 0x000001a590ce2300]
Event: 316.763 Thread 0x000001a5fed227f0 17372       4       org.gradle.api.internal.artifacts.ivyservice.resolveengine.graph.builder.ComponentState::hasMoreThanOneSelectedNodeUsingVariantAwareResolution (53 bytes)
Event: 316.777 Thread 0x000001a5fed284c0 17373       3       org.gradle.api.internal.artifacts.ivyservice.resolveengine.graph.builder.NodeState::visitNewAndInvalidatedDependencies (179 bytes)
Event: 316.779 Thread 0x000001a5fed284c0 nmethod 17373 0x000001a58a353908 code [0x000001a58a353a00, 0x000001a58a354d50]
Event: 316.780 Thread 0x000001a5fed227f0 nmethod 17372 0x000001a590ce2388 code [0x000001a590ce2480, 0x000001a590ce29f8]
Event: 316.920 Thread 0x000001a5fed227f0 17374       4       org.gradle.internal.model.InMemoryCacheFactory$IdentityLoadingCache::get (19 bytes)
Event: 316.930 Thread 0x000001a5fed227f0 nmethod 17374 0x000001a590ce2a88 code [0x000001a590ce2b80, 0x000001a590ce3090]
Event: 316.930 Thread 0x000001a5fed227f0 17375       4       org.gradle.internal.model.InMemoryCacheFactory$IdentityKey::equals (20 bytes)
Event: 316.931 Thread 0x000001a5fed227f0 nmethod 17375 0x000001a590ce3108 code [0x000001a590ce3200, 0x000001a590ce32d0]
Event: 317.045 Thread 0x000001a5fed227f0 17376       4       org.gradle.api.internal.artifacts.ivyservice.resolveengine.graph.builder.ComponentState$$Lambda/0x000000003488a3f0::accept (12 bytes)

GC Heap Usage History (20 events):
Event: 9.769 {heap Before GC invocations=5 (full 0):
 garbage-first heap   total reserved 524288K, committed 264192K, used 34160K [0x00000000e0000000, 0x0000000100000000)
  region size 1M, 4 eden (4M), 8 survivor (8M), 19 old (19M), 5 humongous (5M), 222 free (222M)
}
Event: 9.778 {heap After GC invocations=6 (full 0):
 garbage-first heap   total reserved 524288K, committed 264192K, used 31992K [0x00000000e0000000, 0x0000000100000000)
  region size 1M, 0 eden (0M), 9 survivor (9M), 18 old (18M), 5 humongous (5M), 226 free (226M)
}
Event: 9.802 {heap Before GC invocations=6 (full 0):
 garbage-first heap   total reserved 524288K, committed 264192K, used 33016K [0x00000000e0000000, 0x0000000100000000)
  region size 1M, 2 eden (2M), 9 survivor (9M), 18 old (18M), 5 humongous (5M), 224 free (224M)
}
Event: 9.812 {heap After GC invocations=7 (full 0):
 garbage-first heap   total reserved 524288K, committed 264192K, used 32500K [0x00000000e0000000, 0x0000000100000000)
  region size 1M, 0 eden (0M), 9 survivor (9M), 18 old (18M), 5 humongous (5M), 226 free (226M)
}
Event: 13.185 {heap Before GC invocations=8 (full 0):
 garbage-first heap   total reserved 524288K, committed 264192K, used 179956K [0x00000000e0000000, 0x0000000100000000)
  region size 1M, 144 eden (144M), 9 survivor (9M), 18 old (18M), 5 humongous (5M), 82 free (82M)
}
Event: 13.213 {heap After GC invocations=9 (full 0):
 garbage-first heap   total reserved 524288K, committed 264192K, used 43914K [0x00000000e0000000, 0x0000000100000000)
  region size 1M, 0 eden (0M), 20 survivor (20M), 18 old (18M), 5 humongous (5M), 215 free (215M)
}
Event: 17.539 {heap Before GC invocations=9 (full 0):
 garbage-first heap   total reserved 524288K, committed 264192K, used 145290K [0x00000000e0000000, 0x0000000100000000)
  region size 1M, 101 eden (101M), 20 survivor (20M), 18 old (18M), 5 humongous (5M), 114 free (114M)
}
Event: 17.574 {heap After GC invocations=10 (full 0):
 garbage-first heap   total reserved 524288K, committed 264192K, used 51200K [0x00000000e0000000, 0x0000000100000000)
  region size 1M, 0 eden (0M), 8 survivor (8M), 37 old (37M), 5 humongous (5M), 208 free (208M)
}
Event: 17.637 {heap Before GC invocations=10 (full 0):
 garbage-first heap   total reserved 524288K, committed 264192K, used 55296K [0x00000000e0000000, 0x0000000100000000)
  region size 1M, 5 eden (5M), 8 survivor (8M), 37 old (37M), 5 humongous (5M), 203 free (203M)
}
Event: 17.645 {heap After GC invocations=11 (full 0):
 garbage-first heap   total reserved 524288K, committed 264192K, used 50176K [0x00000000e0000000, 0x0000000100000000)
  region size 1M, 0 eden (0M), 7 survivor (7M), 37 old (37M), 5 humongous (5M), 209 free (209M)
}
Event: 22.033 {heap Before GC invocations=12 (full 0):
 garbage-first heap   total reserved 524288K, committed 264192K, used 201728K [0x00000000e0000000, 0x0000000100000000)
  region size 1M, 146 eden (146M), 7 survivor (7M), 37 old (37M), 7 humongous (7M), 61 free (61M)
}
Event: 22.058 {heap After GC invocations=13 (full 0):
 garbage-first heap   total reserved 524288K, committed 262144K, used 65712K [0x00000000e0000000, 0x0000000100000000)
  region size 1M, 0 eden (0M), 20 survivor (20M), 38 old (38M), 7 humongous (7M), 191 free (191M)
}
Event: 24.118 {heap Before GC invocations=13 (full 0):
 garbage-first heap   total reserved 524288K, committed 262144K, used 200880K [0x00000000e0000000, 0x0000000100000000)
  region size 1M, 133 eden (133M), 20 survivor (20M), 38 old (38M), 7 humongous (7M), 58 free (58M)
}
Event: 24.161 {heap After GC invocations=14 (full 0):
 garbage-first heap   total reserved 524288K, committed 262144K, used 75314K [0x00000000e0000000, 0x0000000100000000)
  region size 1M, 0 eden (0M), 12 survivor (12M), 56 old (56M), 7 humongous (7M), 181 free (181M)
}
Event: 114.254 {heap Before GC invocations=14 (full 0):
 garbage-first heap   total reserved 524288K, committed 262144K, used 220722K [0x00000000e0000000, 0x0000000100000000)
  region size 1M, 141 eden (141M), 12 survivor (12M), 56 old (56M), 9 humongous (9M), 38 free (38M)
}
Event: 114.284 {heap After GC invocations=15 (full 0):
 garbage-first heap   total reserved 524288K, committed 262144K, used 89776K [0x00000000e0000000, 0x0000000100000000)
  region size 1M, 0 eden (0M), 13 survivor (13M), 67 old (67M), 9 humongous (9M), 167 free (167M)
}
Event: 143.915 {heap Before GC invocations=15 (full 0):
 garbage-first heap   total reserved 524288K, committed 262144K, used 223920K [0x00000000e0000000, 0x0000000100000000)
  region size 1M, 131 eden (131M), 13 survivor (13M), 67 old (67M), 9 humongous (9M), 36 free (36M)
}
Event: 143.946 {heap After GC invocations=16 (full 0):
 garbage-first heap   total reserved 524288K, committed 262144K, used 91312K [0x00000000e0000000, 0x0000000100000000)
  region size 1M, 0 eden (0M), 5 survivor (5M), 76 old (76M), 9 humongous (9M), 166 free (166M)
}
Event: 291.650 {heap Before GC invocations=17 (full 0):
 garbage-first heap   total reserved 524288K, committed 262144K, used 228528K [0x00000000e0000000, 0x0000000100000000)
  region size 1M, 134 eden (134M), 5 survivor (5M), 76 old (76M), 9 humongous (9M), 32 free (32M)
}
Event: 291.658 {heap After GC invocations=18 (full 0):
 garbage-first heap   total reserved 524288K, committed 262144K, used 91312K [0x00000000e0000000, 0x0000000100000000)
  region size 1M, 0 eden (0M), 5 survivor (5M), 76 old (76M), 9 humongous (9M), 166 free (166M)
}

Metaspace Usage History (20 events):
Event: 9.769 {metaspace Before GC invocations=5 (full 0):
 Metaspace       used 35262K, committed 36608K, reserved 393216K
  class space    used 5298K, committed 5952K, reserved 327680K
}
Event: 9.778 {metaspace After GC invocations=6 (full 0):
 Metaspace       used 35262K, committed 36608K, reserved 393216K
  class space    used 5298K, committed 5952K, reserved 327680K
}
Event: 9.802 {metaspace Before GC invocations=6 (full 0):
 Metaspace       used 35605K, committed 36928K, reserved 393216K
  class space    used 5315K, committed 5952K, reserved 327680K
}
Event: 9.812 {metaspace After GC invocations=7 (full 0):
 Metaspace       used 35605K, committed 36928K, reserved 393216K
  class space    used 5315K, committed 5952K, reserved 327680K
}
Event: 13.185 {metaspace Before GC invocations=8 (full 0):
 Metaspace       used 48948K, committed 50880K, reserved 393216K
  class space    used 7459K, committed 8384K, reserved 327680K
}
Event: 13.213 {metaspace After GC invocations=9 (full 0):
 Metaspace       used 48948K, committed 50880K, reserved 393216K
  class space    used 7459K, committed 8384K, reserved 327680K
}
Event: 17.539 {metaspace Before GC invocations=9 (full 0):
 Metaspace       used 60023K, committed 62016K, reserved 393216K
  class space    used 8976K, committed 9920K, reserved 327680K
}
Event: 17.574 {metaspace After GC invocations=10 (full 0):
 Metaspace       used 60023K, committed 62016K, reserved 393216K
  class space    used 8976K, committed 9920K, reserved 327680K
}
Event: 17.637 {metaspace Before GC invocations=10 (full 0):
 Metaspace       used 60346K, committed 62336K, reserved 393216K
  class space    used 9039K, committed 9984K, reserved 327680K
}
Event: 17.645 {metaspace After GC invocations=11 (full 0):
 Metaspace       used 60346K, committed 62336K, reserved 393216K
  class space    used 9039K, committed 9984K, reserved 327680K
}
Event: 22.033 {metaspace Before GC invocations=12 (full 0):
 Metaspace       used 69107K, committed 71360K, reserved 393216K
  class space    used 10317K, committed 11392K, reserved 327680K
}
Event: 22.058 {metaspace After GC invocations=13 (full 0):
 Metaspace       used 69107K, committed 71360K, reserved 393216K
  class space    used 10317K, committed 11392K, reserved 327680K
}
Event: 24.118 {metaspace Before GC invocations=13 (full 0):
 Metaspace       used 72071K, committed 74432K, reserved 393216K
  class space    used 10806K, committed 11904K, reserved 327680K
}
Event: 24.161 {metaspace After GC invocations=14 (full 0):
 Metaspace       used 72071K, committed 74432K, reserved 393216K
  class space    used 10806K, committed 11904K, reserved 327680K
}
Event: 114.254 {metaspace Before GC invocations=14 (full 0):
 Metaspace       used 78622K, committed 81024K, reserved 458752K
  class space    used 11828K, committed 12992K, reserved 327680K
}
Event: 114.284 {metaspace After GC invocations=15 (full 0):
 Metaspace       used 78622K, committed 81024K, reserved 458752K
  class space    used 11828K, committed 12992K, reserved 327680K
}
Event: 143.915 {metaspace Before GC invocations=15 (full 0):
 Metaspace       used 79443K, committed 81856K, reserved 458752K
  class space    used 11842K, committed 13056K, reserved 327680K
}
Event: 143.946 {metaspace After GC invocations=16 (full 0):
 Metaspace       used 79443K, committed 81856K, reserved 458752K
  class space    used 11842K, committed 13056K, reserved 327680K
}
Event: 291.650 {metaspace Before GC invocations=17 (full 0):
 Metaspace       used 79892K, committed 82368K, reserved 458752K
  class space    used 11850K, committed 13056K, reserved 327680K
}
Event: 291.658 {metaspace After GC invocations=18 (full 0):
 Metaspace       used 79892K, committed 82368K, reserved 458752K
  class space    used 11850K, committed 13056K, reserved 327680K
}

Dll operation events (20 events):
Event: 0.152 Attempting to load shared library C:\Users\Zack.LAPTOP-GOMAQHKI\.jdks\openjdk-26-1\bin\nio.dll
Event: 0.153 Loaded shared library C:\Users\Zack.LAPTOP-GOMAQHKI\.jdks\openjdk-26-1\bin\nio.dll
Event: 0.157 Attempting to load shared library C:\Users\Zack.LAPTOP-GOMAQHKI\.jdks\openjdk-26-1\bin\zip.dll
Event: 0.157 Loaded shared library C:\Users\Zack.LAPTOP-GOMAQHKI\.jdks\openjdk-26-1\bin\zip.dll
Event: 0.360 Attempting to load shared library C:\Users\Zack.LAPTOP-GOMAQHKI\.jdks\openjdk-26-1\bin\jimage.dll
Event: 0.360 Loaded shared library C:\Users\Zack.LAPTOP-GOMAQHKI\.jdks\openjdk-26-1\bin\jimage.dll
Event: 0.797 Attempting to load shared library C:\Users\Zack.LAPTOP-GOMAQHKI\.jdks\openjdk-26-1\bin\verify.dll
Event: 0.798 Loaded shared library C:\Users\Zack.LAPTOP-GOMAQHKI\.jdks\openjdk-26-1\bin\verify.dll
Event: 0.886 Attempting to load shared library C:\Users\Zack.LAPTOP-GOMAQHKI\.gradle\native\660c5614fbf4a5f2a75b1949f50a0caf5cd603558e7d8a26e50b933a0cfb79d1\windows-amd64\native-platform.dll
Event: 0.886 Loaded shared library C:\Users\Zack.LAPTOP-GOMAQHKI\.gradle\native\660c5614fbf4a5f2a75b1949f50a0caf5cd603558e7d8a26e50b933a0cfb79d1\windows-amd64\native-platform.dll
Event: 0.909 Attempting to load shared library C:\Users\Zack.LAPTOP-GOMAQHKI\.gradle\native\0.2.8\x86_64-windows-gnu\gradle-fileevents.dll
Event: 0.915 Loaded shared library C:\Users\Zack.LAPTOP-GOMAQHKI\.gradle\native\0.2.8\x86_64-windows-gnu\gradle-fileevents.dll
Event: 2.602 Attempting to load shared library C:\Users\Zack.LAPTOP-GOMAQHKI\.jdks\openjdk-26-1\bin\management.dll
Event: 2.603 Loaded shared library C:\Users\Zack.LAPTOP-GOMAQHKI\.jdks\openjdk-26-1\bin\management.dll
Event: 2.607 Attempting to load shared library C:\Users\Zack.LAPTOP-GOMAQHKI\.jdks\openjdk-26-1\bin\management_ext.dll
Event: 2.608 Loaded shared library C:\Users\Zack.LAPTOP-GOMAQHKI\.jdks\openjdk-26-1\bin\management_ext.dll
Event: 2.830 Attempting to load shared library C:\Users\Zack.LAPTOP-GOMAQHKI\.jdks\openjdk-26-1\bin\extnet.dll
Event: 2.831 Loaded shared library C:\Users\Zack.LAPTOP-GOMAQHKI\.jdks\openjdk-26-1\bin\extnet.dll
Event: 3.347 Attempting to load shared library C:\Users\Zack.LAPTOP-GOMAQHKI\.jdks\openjdk-26-1\bin\sunmscapi.dll
Event: 3.351 Loaded shared library C:\Users\Zack.LAPTOP-GOMAQHKI\.jdks\openjdk-26-1\bin\sunmscapi.dll

Deoptimization events (20 events):
Event: 292.205 Thread 0x000001a59e73af00 Uncommon trap: trap_request=0xffffffde fr.pc=0x000001a590888f04 relative=0x0000000000000204
Event: 292.205 Thread 0x000001a59e73af00 Uncommon trap: reason=class_check action=maybe_recompile pc=0x000001a590888f04 method=org.gradle.internal.collect.ChampLookup.lookup(Lorg/gradle/internal/collect/ChampNode;Ljava/lang/Object;ILjava/lang/Object;Lorg/gradle/internal/collect/ChampLookup$Looku
Event: 292.205 Thread 0x000001a59e73af00 DEOPT PACKING pc=0x000001a590888f04 sp=0x0000000f23df8180
Event: 292.205 Thread 0x000001a59e73af00 DEOPT UNPACKING pc=0x000001a590232602 sp=0x0000000f23df80e8 mode 2
Event: 292.219 Thread 0x000001a59e73af00 Uncommon trap: trap_request=0xffffffde fr.pc=0x000001a590a17ac0 relative=0x0000000000001040
Event: 292.219 Thread 0x000001a59e73af00 Uncommon trap: reason=class_check action=maybe_recompile pc=0x000001a590a17ac0 method=org.gradle.api.internal.artifacts.ivyservice.resolveengine.result.DesugaredAttributeContainerSerializer.read(Lorg/gradle/internal/serialize/Decoder;)Lorg/gradle/api/inte
Event: 292.219 Thread 0x000001a59e73af00 DEOPT PACKING pc=0x000001a590a17ac0 sp=0x0000000f23df8ac0
Event: 292.219 Thread 0x000001a59e73af00 DEOPT UNPACKING pc=0x000001a590232602 sp=0x0000000f23df8a80 mode 2
Event: 293.907 Thread 0x000001a59e1d5480 Uncommon trap: trap_request=0xffffffd6 fr.pc=0x000001a590c22bc8 relative=0x00000000000013c8
Event: 293.907 Thread 0x000001a59e1d5480 Uncommon trap: reason=array_check action=maybe_recompile pc=0x000001a590c22bc8 method=java.util.TimSort.binarySort([Ljava/lang/Object;IIILjava/util/Comparator;)V @ 193 c2
Event: 293.907 Thread 0x000001a59e1d5480 DEOPT PACKING pc=0x000001a590c22bc8 sp=0x0000000f253fb730
Event: 293.907 Thread 0x000001a59e1d5480 DEOPT UNPACKING pc=0x000001a590232602 sp=0x0000000f253fb630 mode 2
Event: 294.029 Thread 0x000001a59e73af00 Uncommon trap: trap_request=0xffffffc6 fr.pc=0x000001a590bb95c8 relative=0x00000000000002c8
Event: 294.029 Thread 0x000001a59e73af00 Uncommon trap: reason=bimorphic_or_optimized_type_check action=maybe_recompile pc=0x000001a590bb95c8 method=java.util.concurrent.ConcurrentHashMap.putAll(Ljava/util/Map;)V @ 13 c2
Event: 294.029 Thread 0x000001a59e73af00 DEOPT PACKING pc=0x000001a590bb95c8 sp=0x0000000f23dfdb20
Event: 294.029 Thread 0x000001a59e73af00 DEOPT UNPACKING pc=0x000001a590232602 sp=0x0000000f23dfdab0 mode 2
Event: 307.064 Thread 0x000001a59e73af00 Uncommon trap: trap_request=0xfffffff4 fr.pc=0x000001a590c66364 relative=0x0000000000000b64
Event: 307.064 Thread 0x000001a59e73af00 Uncommon trap: reason=null_check action=make_not_entrant pc=0x000001a590c66364 method=org.gradle.tooling.internal.provider.runner.ClientBuildEventGenerator$Enabled.accept(Lorg/gradle/internal/operations/BuildOperationDescriptor;)Lorg/gradle/tooling/intern
Event: 307.064 Thread 0x000001a59e73af00 DEOPT PACKING pc=0x000001a590c66364 sp=0x0000000f23dfb060
Event: 307.064 Thread 0x000001a59e73af00 DEOPT UNPACKING pc=0x000001a590232602 sp=0x0000000f23dfaf78 mode 2

Classes loaded (20 events):
Event: 30.241 Loading class java/io/ObjectInputStream$GetField done
Event: 30.241 Loading class java/io/ObjectInputStream$FieldValues done
Event: 30.248 Loading class java/util/HashMap$UnsafeHolder
Event: 30.249 Loading class java/util/HashMap$UnsafeHolder done
Event: 30.261 Loading class java/util/PriorityQueue
Event: 30.262 Loading class java/util/PriorityQueue done
Event: 30.892 Loading class java/io/Console
Event: 30.892 Loading class java/io/Console done
Event: 31.429 Loading class java/lang/MatchException
Event: 31.429 Loading class java/lang/MatchException done
Event: 31.814 Loading class java/util/logging/LogRecord
Event: 31.814 Loading class java/util/logging/LogRecord done
Event: 32.112 Loading class java/util/concurrent/ConcurrentLinkedQueue$Itr
Event: 32.112 Loading class java/util/concurrent/ConcurrentLinkedQueue$Itr done
Event: 32.206 Loading class java/time/Instant$1
Event: 32.206 Loading class java/time/Instant$1 done
Event: 32.261 Loading class java/util/concurrent/CompletableFuture$AsyncRun
Event: 32.261 Loading class java/util/concurrent/CompletableFuture$AsyncRun done
Event: 112.023 Loading class jdk/internal/math/FormattedFPDecimal
Event: 112.023 Loading class jdk/internal/math/FormattedFPDecimal done

Classes unloaded (0 events):
No events

Classes redefined (0 events):
No events

Internal exceptions (20 events):
Event: 141.689 Thread 0x000001a59ec18870 Exception <a 'sun/nio/fs/WindowsException'{0x00000000e91f52b8}> (0x00000000e91f52b8) 
thrown [s\open\src\hotspot\share\prims\jni.cpp, line 514]
Event: 141.689 Thread 0x000001a59ec18870 Exception <a 'sun/nio/fs/WindowsException'{0x00000000e91f6420}> (0x00000000e91f6420) 
thrown [s\open\src\hotspot\share\prims\jni.cpp, line 514]
Event: 142.100 Thread 0x000001a59ec18870 Exception <a 'java/lang/NoClassDefFoundError'{0x00000000e8799c80}: org/jetbrains/kotlin/gradle/plugin/KotlinPluginWrapper> (0x00000000e8799c80) 
thrown [s\open\src\hotspot\share\oops\constantPool.cpp, line 1006]
Event: 142.100 Thread 0x000001a59ec18870 Exception <a 'java/lang/NoClassDefFoundError'{0x00000000e879c790}: org/cyclonedx/gradle/CyclonedxPlugin> (0x00000000e879c790) 
thrown [s\open\src\hotspot\share\oops\constantPool.cpp, line 1006]
Event: 145.149 Thread 0x000001a59ec18870 Implicit null exception at 0x000001a590bff942 to 0x000001a590bffbb0
Event: 147.883 Thread 0x000001a59ec18870 Exception <a 'sun/nio/fs/WindowsException'{0x00000000ea6aac48}> (0x00000000ea6aac48) 
thrown [s\open\src\hotspot\share\prims\jni.cpp, line 514]
Event: 290.321 Thread 0x000001a59e73af00 Exception <a 'sun/nio/fs/WindowsException'{0x00000000e9562fc8}> (0x00000000e9562fc8) 
thrown [s\open\src\hotspot\share\prims\jni.cpp, line 514]
Event: 290.321 Thread 0x000001a59e73af00 Exception <a 'sun/nio/fs/WindowsException'{0x00000000e9564570}> (0x00000000e9564570) 
thrown [s\open\src\hotspot\share\prims\jni.cpp, line 514]
Event: 290.322 Thread 0x000001a59e73af00 Exception <a 'sun/nio/fs/WindowsException'{0x00000000e9565b10}> (0x00000000e9565b10) 
thrown [s\open\src\hotspot\share\prims\jni.cpp, line 514]
Event: 290.322 Thread 0x000001a59e73af00 Exception <a 'sun/nio/fs/WindowsException'{0x00000000e9566c78}> (0x00000000e9566c78) 
thrown [s\open\src\hotspot\share\prims\jni.cpp, line 514]
Event: 290.654 Thread 0x000001a59e73af00 Exception <a 'java/lang/NoClassDefFoundError'{0x00000000e8b08e50}: org/jetbrains/kotlin/gradle/plugin/KotlinPluginWrapper> (0x00000000e8b08e50) 
thrown [s\open\src\hotspot\share\oops\constantPool.cpp, line 1006]
Event: 290.654 Thread 0x000001a59e73af00 Exception <a 'java/lang/NoClassDefFoundError'{0x00000000e8b0b960}: org/cyclonedx/gradle/CyclonedxPlugin> (0x00000000e8b0b960) 
thrown [s\open\src\hotspot\share\oops\constantPool.cpp, line 1006]
Event: 293.928 Thread 0x000001a59e73af00 Exception <a 'sun/nio/fs/WindowsException'{0x00000000eb2eb760}> (0x00000000eb2eb760) 
thrown [s\open\src\hotspot\share\prims\jni.cpp, line 514]
Event: 307.064 Thread 0x000001a59e73af00 Implicit null exception at 0x000001a590c65c58 to 0x000001a590c6634c
Event: 307.976 Thread 0x000001a59e73af00 Exception <a 'sun/nio/fs/WindowsException'{0x00000000ea153ec8}> (0x00000000ea153ec8) 
thrown [s\open\src\hotspot\share\prims\jni.cpp, line 514]
Event: 307.978 Thread 0x000001a59e73af00 Exception <a 'sun/nio/fs/WindowsException'{0x00000000ea155460}> (0x00000000ea155460) 
thrown [s\open\src\hotspot\share\prims\jni.cpp, line 514]
Event: 307.978 Thread 0x000001a59e73af00 Exception <a 'sun/nio/fs/WindowsException'{0x00000000ea1569f0}> (0x00000000ea1569f0) 
thrown [s\open\src\hotspot\share\prims\jni.cpp, line 514]
Event: 307.979 Thread 0x000001a59e73af00 Exception <a 'sun/nio/fs/WindowsException'{0x00000000ea157b48}> (0x00000000ea157b48) 
thrown [s\open\src\hotspot\share\prims\jni.cpp, line 514]
Event: 309.789 Thread 0x000001a59e73af00 Exception <a 'java/lang/NoClassDefFoundError'{0x00000000e98fb8e0}: org/jetbrains/kotlin/gradle/plugin/KotlinPluginWrapper> (0x00000000e98fb8e0) 
thrown [s\open\src\hotspot\share\oops\constantPool.cpp, line 1006]
Event: 309.789 Thread 0x000001a59e73af00 Exception <a 'java/lang/NoClassDefFoundError'{0x00000000e98fe2b8}: org/cyclonedx/gradle/CyclonedxPlugin> (0x00000000e98fe2b8) 
thrown [s\open\src\hotspot\share\oops\constantPool.cpp, line 1006]

VM Operations (20 events):
Event: 144.553 Executing safepoint VM operation: G1PauseCleanup
Event: 144.553 Executing safepoint VM operation: G1PauseCleanup done
Event: 180.579 Executing non-safepoint VM operation: HandshakeAllThreads (DeflationHandshakeClosure)
Event: 180.579 Executing non-safepoint VM operation: HandshakeAllThreads (DeflationHandshakeClosure) done
Event: 180.579 Executing non-safepoint VM operation: RendezvousGCThreads
Event: 180.579 Executing non-safepoint VM operation: RendezvousGCThreads done
Event: 240.734 Executing non-safepoint VM operation: HandshakeAllThreads (DeflationHandshakeClosure)
Event: 240.734 Executing non-safepoint VM operation: HandshakeAllThreads (DeflationHandshakeClosure) done
Event: 240.734 Executing non-safepoint VM operation: RendezvousGCThreads
Event: 240.734 Executing non-safepoint VM operation: RendezvousGCThreads done
Event: 291.061 Executing non-safepoint VM operation: HandshakeAllThreads (G1 Java Thread CT swap)
Event: 291.062 Executing non-safepoint VM operation: HandshakeAllThreads (G1 Java Thread CT swap) done
Event: 291.062 Executing non-safepoint VM operation: G1RendezvousGCThreads
Event: 291.062 Executing non-safepoint VM operation: G1RendezvousGCThreads done
Event: 291.650 Executing safepoint VM operation: G1CollectForAllocation (G1 Evacuation Pause)
Event: 291.658 Executing safepoint VM operation: G1CollectForAllocation (G1 Evacuation Pause) done
Event: 300.891 Executing non-safepoint VM operation: HandshakeAllThreads (DeflationHandshakeClosure)
Event: 300.892 Executing non-safepoint VM operation: HandshakeAllThreads (DeflationHandshakeClosure) done
Event: 300.892 Executing non-safepoint VM operation: RendezvousGCThreads
Event: 300.892 Executing non-safepoint VM operation: RendezvousGCThreads done

Memory protections (0 events):
No events

Nmethod flushes (20 events):
Event: 144.341 Thread 0x000001a5fbc968e0 flushing  nmethod 0x000001a5894e5e08
Event: 144.341 Thread 0x000001a5fbc968e0 flushing  nmethod 0x000001a5894e8408
Event: 144.341 Thread 0x000001a5fbc968e0 flushing  nmethod 0x000001a589504108
Event: 144.341 Thread 0x000001a5fbc968e0 flushing  nmethod 0x000001a589504708
Event: 144.341 Thread 0x000001a5fbc968e0 flushing  nmethod 0x000001a589505208
Event: 144.341 Thread 0x000001a5fbc968e0 flushing  nmethod 0x000001a589505888
Event: 144.341 Thread 0x000001a5fbc968e0 flushing  nmethod 0x000001a589505c88
Event: 144.341 Thread 0x000001a5fbc968e0 flushing  nmethod 0x000001a589505f88
Event: 144.341 Thread 0x000001a5fbc968e0 flushing  nmethod 0x000001a58950b008
Event: 144.341 Thread 0x000001a5fbc968e0 flushing  nmethod 0x000001a58950bc88
Event: 144.341 Thread 0x000001a5fbc968e0 flushing  nmethod 0x000001a58950c388
Event: 144.341 Thread 0x000001a5fbc968e0 flushing  nmethod 0x000001a58950db88
Event: 144.341 Thread 0x000001a5fbc968e0 flushing  nmethod 0x000001a58950e008
Event: 144.341 Thread 0x000001a5fbc968e0 flushing  nmethod 0x000001a58950e708
Event: 144.341 Thread 0x000001a5fbc968e0 flushing  nmethod 0x000001a58950f608
Event: 144.341 Thread 0x000001a5fbc968e0 flushing  nmethod 0x000001a589510308
Event: 144.341 Thread 0x000001a5fbc968e0 flushing  nmethod 0x000001a589568708
Event: 144.341 Thread 0x000001a5fbc968e0 flushing  nmethod 0x000001a5895aea08
Event: 144.341 Thread 0x000001a5fbc968e0 flushing  nmethod 0x000001a5895b4d88
Event: 144.341 Thread 0x000001a5fbc968e0 flushing  nmethod 0x000001a5895c4808

Events (20 events):
Event: 294.076 Thread 0x000001a59e113540 Thread exited: 0x000001a59e113540
Event: 294.083 Thread 0x000001a59e10d780 Thread exited: 0x000001a59e10d780
Event: 294.114 Thread 0x000001a59e73f550 Thread added: 0x000001a59e09d3a0
Event: 294.114 Thread 0x000001a59e73a730 Thread exited: 0x000001a59e73a730
Event: 294.116 Thread 0x000001a59e113d10 Thread exited: 0x000001a59e113d10
Event: 294.922 Thread 0x000001a59e7404f0 Thread exited: 0x000001a59e7404f0
Event: 306.027 Thread 0x000001a59e73f550 Thread added: 0x000001a59e09bc30
Event: 306.674 Thread 0x000001a59e73f550 Thread added: 0x000001a59e0a0a50
Event: 306.772 Thread 0x000001a59e73af00 Thread added: 0x000001a59e099cf0
Event: 306.773 Thread 0x000001a59e73af00 Thread added: 0x000001a59e09ac90
Event: 306.773 Thread 0x000001a59e73af00 Thread added: 0x000001a59e10eef0
Event: 306.790 Thread 0x000001a59e73af00 Thread added: 0x000001a59e113540
Event: 306.801 Thread 0x000001a59e73af00 Thread added: 0x000001a59e10cfb0
Event: 307.069 Thread 0x000001a59e73af00 Thread added: 0x000001a59e10d780
Event: 307.273 Thread 0x000001a59e73af00 Thread added: 0x000001a59e7404f0
Event: 307.331 Thread 0x000001a59e73af00 Thread added: 0x000001a59e739f60
Event: 307.624 Thread 0x000001a59e73af00 Thread added: 0x000001a59ec19040
Event: 307.624 Thread 0x000001a59e73af00 Thread added: 0x000001a59ec1c6f0
Event: 307.625 Thread 0x000001a59e73af00 Thread added: 0x000001a59ec18870
Event: 307.755 Thread 0x000001a59e73af00 Thread added: 0x000001a59e1d1dd0


Dynamic libraries:
0x00007ff63a320000 - 0x00007ff63a32e000 	C:\Users\Zack.LAPTOP-GOMAQHKI\.jdks\openjdk-26-1\bin\java.exe
0x00007ff8a5870000 - 0x00007ff8a5a88000 	C:\WINDOWS\SYSTEM32\ntdll.dll
0x00007ff8a4b40000 - 0x00007ff8a4c04000 	C:\WINDOWS\System32\KERNEL32.DLL
0x00007ff8a2e70000 - 0x00007ff8a3243000 	C:\WINDOWS\System32\KERNELBASE.dll
0x00007ff8a33f0000 - 0x00007ff8a3501000 	C:\WINDOWS\System32\ucrtbase.dll
0x00007ff87d600000 - 0x00007ff87d617000 	C:\Users\Zack.LAPTOP-GOMAQHKI\.jdks\openjdk-26-1\bin\jli.dll
0x00007ff8a4e00000 - 0x00007ff8a4fb2000 	C:\WINDOWS\System32\USER32.dll
0x00007ff86c450000 - 0x00007ff86c46e000 	C:\Users\Zack.LAPTOP-GOMAQHKI\.jdks\openjdk-26-1\bin\VCRUNTIME140.dll
0x00007ff8a2c60000 - 0x00007ff8a2c86000 	C:\WINDOWS\System32\win32u.dll
0x00007ff8a4850000 - 0x00007ff8a4879000 	C:\WINDOWS\System32\GDI32.dll
0x00007ff8a2b40000 - 0x00007ff8a2c5b000 	C:\WINDOWS\System32\gdi32full.dll
0x00007ff8a2d10000 - 0x00007ff8a2daa000 	C:\WINDOWS\System32\msvcp_win.dll
0x00007ff88fa80000 - 0x00007ff88fd1c000 	C:\WINDOWS\WinSxS\amd64_microsoft.windows.common-controls_6595b64144ccf1df_6.0.22621.6060_none_2712eda17382d24b\COMCTL32.dll
0x00007ff8a4d50000 - 0x00007ff8a4df7000 	C:\WINDOWS\System32\msvcrt.dll
0x00007ff8a4900000 - 0x00007ff8a4931000 	C:\WINDOWS\System32\IMM32.DLL
0x00007ff88f7f0000 - 0x00007ff88f7fc000 	C:\Users\Zack.LAPTOP-GOMAQHKI\.jdks\openjdk-26-1\bin\vcruntime140_1.dll
0x00007ff8098e0000 - 0x00007ff80996d000 	C:\Users\Zack.LAPTOP-GOMAQHKI\.jdks\openjdk-26-1\bin\msvcp140.dll
0x00007fffde1d0000 - 0x00007fffdf09e000 	C:\Users\Zack.LAPTOP-GOMAQHKI\.jdks\openjdk-26-1\bin\server\jvm.dll
0x00007ff8a4c10000 - 0x00007ff8a4cc1000 	C:\WINDOWS\System32\ADVAPI32.dll
0x00007ff8a3510000 - 0x00007ff8a35b8000 	C:\WINDOWS\System32\sechost.dll
0x00007ff8a33c0000 - 0x00007ff8a33e8000 	C:\WINDOWS\System32\bcrypt.dll
0x00007ff8a4390000 - 0x00007ff8a44a8000 	C:\WINDOWS\System32\RPCRT4.dll
0x00007ff8a4880000 - 0x00007ff8a48f1000 	C:\WINDOWS\System32\WS2_32.dll
0x00007ff8a2850000 - 0x00007ff8a289d000 	C:\WINDOWS\SYSTEM32\POWRPROF.dll
0x00007ff8a0590000 - 0x00007ff8a05c4000 	C:\WINDOWS\SYSTEM32\WINMM.dll
0x00007ff897cd0000 - 0x00007ff897cda000 	C:\WINDOWS\SYSTEM32\VERSION.dll
0x00007ff8a2830000 - 0x00007ff8a2843000 	C:\WINDOWS\SYSTEM32\UMPDC.dll
0x00007ff8a1960000 - 0x00007ff8a1978000 	C:\WINDOWS\SYSTEM32\kernel.appcore.dll
0x00007ff889120000 - 0x00007ff88912a000 	C:\Users\Zack.LAPTOP-GOMAQHKI\.jdks\openjdk-26-1\bin\jimage.dll
0x00007ff8a00f0000 - 0x00007ff8a0323000 	C:\WINDOWS\SYSTEM32\DBGHELP.DLL
0x00007ff8a44b0000 - 0x00007ff8a4841000 	C:\WINDOWS\System32\combase.dll
0x00007ff8a4940000 - 0x00007ff8a4a18000 	C:\WINDOWS\System32\OLEAUT32.dll
0x00007ff87d460000 - 0x00007ff87d492000 	C:\WINDOWS\SYSTEM32\dbgcore.DLL
0x00007ff8a2ac0000 - 0x00007ff8a2b3b000 	C:\WINDOWS\System32\bcryptPrimitives.dll
0x00007ff883880000 - 0x00007ff883890000 	C:\Users\Zack.LAPTOP-GOMAQHKI\.jdks\openjdk-26-1\bin\instrument.dll
0x00007ff86c430000 - 0x00007ff86c44f000 	C:\Users\Zack.LAPTOP-GOMAQHKI\.jdks\openjdk-26-1\bin\java.dll
0x00007ff8a3780000 - 0x00007ff8a3921000 	C:\WINDOWS\System32\ole32.dll
0x00007ff8a3af0000 - 0x00007ff8a438c000 	C:\WINDOWS\System32\SHELL32.dll
0x00007ff8a2980000 - 0x00007ff8a2abf000 	C:\WINDOWS\System32\wintypes.dll
0x00007ff8a0880000 - 0x00007ff8a119a000 	C:\WINDOWS\SYSTEM32\windows.storage.dll
0x00007ff8a4a20000 - 0x00007ff8a4b24000 	C:\WINDOWS\System32\SHCORE.dll
0x00007ff8a4ce0000 - 0x00007ff8a4d49000 	C:\WINDOWS\System32\shlwapi.dll
0x00007ff8a28b0000 - 0x00007ff8a28d5000 	C:\WINDOWS\SYSTEM32\profapi.dll
0x00007ff86c060000 - 0x00007ff86c077000 	C:\Users\Zack.LAPTOP-GOMAQHKI\.jdks\openjdk-26-1\bin\zip.dll
0x00007ff86c040000 - 0x00007ff86c052000 	C:\Users\Zack.LAPTOP-GOMAQHKI\.jdks\openjdk-26-1\bin\net.dll
0x00007ff8a1e40000 - 0x00007ff8a1ea9000 	C:\WINDOWS\system32\mswsock.dll
0x00007ff86bf50000 - 0x00007ff86bf66000 	C:\Users\Zack.LAPTOP-GOMAQHKI\.jdks\openjdk-26-1\bin\nio.dll
0x00007ff87d3c0000 - 0x00007ff87d3d0000 	C:\Users\Zack.LAPTOP-GOMAQHKI\.jdks\openjdk-26-1\bin\verify.dll
0x00007ff86c470000 - 0x00007ff86c497000 	C:\Users\Zack.LAPTOP-GOMAQHKI\.gradle\native\660c5614fbf4a5f2a75b1949f50a0caf5cd603558e7d8a26e50b933a0cfb79d1\windows-amd64\native-platform.dll
0x00007ff810d00000 - 0x00007ff810d77000 	C:\Users\Zack.LAPTOP-GOMAQHKI\.gradle\native\0.2.8\x86_64-windows-gnu\gradle-fileevents.dll
0x00007ff87bcd0000 - 0x00007ff87bcda000 	C:\Users\Zack.LAPTOP-GOMAQHKI\.jdks\openjdk-26-1\bin\management.dll
0x00007ff872520000 - 0x00007ff87252c000 	C:\Users\Zack.LAPTOP-GOMAQHKI\.jdks\openjdk-26-1\bin\management_ext.dll
0x00007ff8a4ff0000 - 0x00007ff8a4ff8000 	C:\WINDOWS\System32\PSAPI.DLL
0x00007ff8a1440000 - 0x00007ff8a146d000 	C:\WINDOWS\SYSTEM32\IPHLPAPI.DLL
0x00007ff8a4b30000 - 0x00007ff8a4b39000 	C:\WINDOWS\System32\NSI.dll
0x00007ff8724c0000 - 0x00007ff8724c9000 	C:\Users\Zack.LAPTOP-GOMAQHKI\.jdks\openjdk-26-1\bin\extnet.dll
0x00007ff8a2090000 - 0x00007ff8a20ab000 	C:\WINDOWS\SYSTEM32\CRYPTSP.dll
0x00007ff8a18c0000 - 0x00007ff8a18f7000 	C:\WINDOWS\system32\rsaenh.dll
0x00007ff8a1f30000 - 0x00007ff8a1f58000 	C:\WINDOWS\SYSTEM32\USERENV.dll
0x00007ff8a20b0000 - 0x00007ff8a20bc000 	C:\WINDOWS\SYSTEM32\CRYPTBASE.dll
0x00007ff870e50000 - 0x00007ff870e5e000 	C:\Users\Zack.LAPTOP-GOMAQHKI\.jdks\openjdk-26-1\bin\sunmscapi.dll
0x00007ff8a3250000 - 0x00007ff8a33b8000 	C:\WINDOWS\System32\CRYPT32.dll
0x00007ff8a2230000 - 0x00007ff8a225e000 	C:\WINDOWS\SYSTEM32\ncrypt.dll
0x00007ff8a21f0000 - 0x00007ff8a2227000 	C:\WINDOWS\SYSTEM32\NTASN1.dll
0x00007ff80ccb0000 - 0x00007ff80ccb8000 	C:\WINDOWS\system32\wshunix.dll
0x00007ff8a14c0000 - 0x00007ff8a15b8000 	C:\WINDOWS\SYSTEM32\DNSAPI.dll
0x00007ff889e90000 - 0x00007ff889e9a000 	C:\Windows\System32\rasadhlp.dll
0x00007ff89ab00000 - 0x00007ff89ab84000 	C:\WINDOWS\System32\fwpuclnt.dll
0x00007ff89c290000 - 0x00007ff89c327000 	C:\WINDOWS\system32\apphelp.dll

JVMTI agents:
C:\Users\Zack.LAPTOP-GOMAQHKI\.gradle\wrapper\dists\gradle-9.4.1-bin\arn2x92ynaizyzdaamcbpbhtj\gradle-9.4.1\lib\agents\gradle-instrumentation-agent-9.4.1.jar path:C:\Users\Zack.LAPTOP-GOMAQHKI\.jdks\openjdk-26-1\bin\instrument.dll, loaded, initialized, instrumentlib options:none

dbghelp: loaded successfully - version: 4.0.5 - missing functions: none
symbol engine: initialized successfully - sym options: 0x614 - pdb path: .;C:\Users\Zack.LAPTOP-GOMAQHKI\.jdks\openjdk-26-1\bin;C:\WINDOWS\SYSTEM32;C:\WINDOWS\WinSxS\amd64_microsoft.windows.common-controls_6595b64144ccf1df_6.0.22621.6060_none_2712eda17382d24b;C:\Users\Zack.LAPTOP-GOMAQHKI\.jdks\openjdk-26-1\bin\server;C:\Users\Zack.LAPTOP-GOMAQHKI\.gradle\native\660c5614fbf4a5f2a75b1949f50a0caf5cd603558e7d8a26e50b933a0cfb79d1\windows-amd64;C:\Users\Zack.LAPTOP-GOMAQHKI\.gradle\native\0.2.8\x86_64-windows-gnu

VM Arguments:
jvm_args: --add-opens=java.base/java.lang=ALL-UNNAMED --add-opens=java.base/java.lang.invoke=ALL-UNNAMED --add-opens=java.base/java.util=ALL-UNNAMED --add-opens=java.prefs/java.util.prefs=ALL-UNNAMED --add-exports=jdk.compiler/com.sun.tools.javac.api=ALL-UNNAMED --add-exports=jdk.compiler/com.sun.tools.javac.util=ALL-UNNAMED --add-opens=java.base/java.util=ALL-UNNAMED --add-opens=java.prefs/java.util.prefs=ALL-UNNAMED --add-opens=java.base/java.nio.charset=ALL-UNNAMED --add-opens=java.base/java.net=ALL-UNNAMED --add-opens=java.base/java.util.concurrent=ALL-UNNAMED --add-opens=java.base/java.util.concurrent.atomic=ALL-UNNAMED --add-opens=java.xml/javax.xml.namespace=ALL-UNNAMED --add-opens=java.base/java.time=ALL-UNNAMED --enable-native-access=ALL-UNNAMED -XX:MaxMetaspaceSize=384m -XX:+HeapDumpOnOutOfMemoryError -Xms256m -Xmx512m -Dfile.encoding=UTF-8 -Duser.country=ZA -Duser.language=en -Duser.variant -javaagent:C:\Users\Zack.LAPTOP-GOMAQHKI\.gradle\wrapper\dists\gradle-9.4.1-bin\arn2x92ynaizyzdaamcbpbhtj\gradle-9.4.1\lib\agents\gradle-instrumentation-agent-9.4.1.jar 
java_command: org.gradle.launcher.daemon.bootstrap.GradleDaemon 9.4.1
java_class_path (initial): C:\Users\Zack.LAPTOP-GOMAQHKI\.gradle\wrapper\dists\gradle-9.4.1-bin\arn2x92ynaizyzdaamcbpbhtj\gradle-9.4.1\lib\gradle-daemon-main-9.4.1.jar
Launcher Type: SUN_STANDARD

[Global flags]
     bool AOTAdapterCaching                        = false                                  {diagnostic} {ergonomic}
     bool AOTInvokeDynamicLinking                  = false                                  {diagnostic} {ergonomic}
     bool AOTRecordTraining                        = false                                  {diagnostic} {ergonomic}
     bool AOTReplayTraining                        = false                                  {diagnostic} {ergonomic}
     bool AOTStubCaching                           = false                                  {diagnostic} {ergonomic}
     intx CICompilerCount                          = 3                                         {product} {ergonomic}
   size_t CompressedClassSpaceSize                 = 335544320                                 {product} {ergonomic}
     uint ConcGCThreads                            = 1                                         {product} {ergonomic}
     uint G1ConcRefinementThreads                  = 4                                         {product} {ergonomic}
     uint G1EagerReclaimRemSetThreshold            = 10                                   {experimental} {ergonomic}
   size_t G1HeapRegionSize                         = 1048576                                   {product} {ergonomic}
     uint G1RemSetArrayOfCardsEntries              = 10                                   {experimental} {ergonomic}
     uint G1RemSetHowlMaxNumBuckets                = 8                                    {experimental} {ergonomic}
     uint G1RemSetHowlNumBuckets                   = 4                                    {experimental} {ergonomic}
     bool HeapDumpOnOutOfMemoryError               = true                                   {manageable} {command line}
   size_t InitialHeapSize                          = 268435456                                 {product} {command line}
     bool IntelJccErratumMitigation                = true                              {ARCH diagnostic} {ergonomic}
   size_t MarkStackSize                            = 4194304                                   {product} {ergonomic}
   size_t MarkStackSizeMax                         = 536870912                                 {product} {ergonomic}
   size_t MaxHeapSize                              = 536870912                                 {product} {command line}
   size_t MaxMetaspaceSize                         = 402653184                                 {product} {command line}
   size_t MaxNewSize                               = 321912832                                 {product} {ergonomic}
 uint64_t MaxRAM                                   = 8415657984                                {product} {ergonomic}
   size_t MinHeapDeltaBytes                        = 1048576                                   {product} {ergonomic}
   size_t MinHeapSize                              = 268435456                                 {product} {command line}
   size_t NonNMethodCodeHeapSize                   = 5832704                                {pd product} {ergonomic}
   size_t NonProfiledCodeHeapSize                  = 122945536                              {pd product} {ergonomic}
   size_t ProfiledCodeHeapSize                     = 122880000                              {pd product} {ergonomic}
   size_t ReservedCodeCacheSize                    = 251658240                              {pd product} {ergonomic}
     bool SegmentedCodeCache                       = true                                      {product} {ergonomic}
   size_t SoftMaxHeapSize                          = 536870912                              {manageable} {ergonomic}
     bool UseCompressedOops                        = true                           {product lp64_product} {ergonomic}
     bool UseCondCardMark                          = true                                      {product} {ergonomic}
     bool UseFastUnorderedTimeStamps               = true                                 {experimental} {ergonomic}
     bool UseG1GC                                  = true                                      {product} {ergonomic}
     bool UseLargePagesIndividualAllocation        = false                                  {pd product} {ergonomic}
      int X86ICacheSync                            = 2                                 {ARCH diagnostic} {ergonomic}

Logging:
Log output configuration:
 #0: stdout all=warning uptime,level,tags foldmultilines=false
 #1: stderr all=off uptime,level,tags foldmultilines=false

Release file:
IMPLEMENTOR="Oracle Corporation" 
JAVA_RUNTIME_VERSION="26+35-2893" 
JAVA_VERSION="26" 
JAVA_VERSION_DATE="2026-03-17" 
LIBC="default" 
MODULES="java.base java.compiler java.datatransfer java.xml java.prefs java.desktop java.instrument java.logging java.management java.security.sasl java.naming java.rmi java.management.rmi java.net.http java.scripting java.security.jgss java.transaction.xa java.sql java.sql.rowset java.xml.crypto java.se java.smartcardio jdk.accessibility jdk.internal.jvmstat jdk.attach jdk.charsets jdk.internal.opt jdk.zipfs jdk.compiler jdk.crypto.cryptoki jdk.crypto.ec jdk.crypto.mscapi jdk.dynalink jdk.internal.ed jdk.editpad jdk.internal.vm.ci jdk.graal.compiler jdk.graal.compiler.management jdk.hotspot.agent jdk.httpserver jdk.incubator.vector jdk.internal.le jdk.internal.md jdk.jartool jdk.javadoc jdk.jcmd jdk.management jdk.management.agent jdk.jconsole jdk.jdeps jdk.jdwp.agent jdk.jdi jdk.jfr jdk.jlink jdk.jpackage jdk.jshell jdk.jstatd jdk.localedata jdk.management.jfr jdk.naming.dns jdk.naming.rmi jdk.net jdk.nio.mapmode jdk.sctp jdk.security.auth jdk.security.jgss jdk.unsupported jdk.unsupported.desktop jdk.xml.dom" 
OS_ARCH="x86_64" 
OS_NAME="Windows" 
SOURCE=".:git:4408cd2a07a1" 

Environment Variables:
PATH=C:\Program Files\Common Files\Oracle\Java\javapath;C:\Windows\System32\HWAudioDriverLibs;C:\WINDOWS\system32;C:\WINDOWS;C:\WINDOWS\System32\Wbem;C:\WINDOWS\System32\WindowsPowerShell\v1.0\;C:\WINDOWS\System32\OpenSSH\;C:\WINDOWS\system32\config\systemprofile\AppData\Local\Microsoft\WindowsApps;C:\Program Files\Microsoft SQL Server\Client SDK\ODBC\170\Tools\Binn\;C:\jdk-21\bin;C:\Program Files (x86)\Microsoft SQL Server\160\Tools\Binn\;C:\Program Files\Microsoft SQL Server\160\Tools\Binn\;C:\Program Files\Microsoft SQL Server\160\DTS\Binn\;C:\Node\;C:\Program Files\Git\cmd;C:\Program Files\MySQL\MySQL Shell 8.0\bin\;C:\Users\Zack.LAPTOP-GOMAQHKI\AppData\Local\Microsoft\WindowsApps;C:\Program Files\JetBrains\IntelliJ IDEA Community Edition 2025.1.4.1\bin;;C:\Program Files\Azure Data Studio\bin;C:\Program Files\JetBrains\PyCharm Community Edition 2024.3.1.1\bin;;C:\Users\Zack.LAPTOP-GOMAQHKI\AppData\Roaming\npm;D:\WebStorm\WebStorm 2025.3.2\bin;D:\IntelliJ\IntelliJ IDEA 2026.1\bin
USERNAME=Zack
OS=Windows_NT
PROCESSOR_IDENTIFIER=Intel64 Family 6 Model 142 Stepping 12, GenuineIntel
TMP=C:\Users\ZACK~1.LAP\AppData\Local\Temp
TEMP=C:\Users\ZACK~1.LAP\AppData\Local\Temp




Compilation memory statistics disabled.

Periodic native trim disabled

---------------  S Y S T E M  ---------------

OS:
 Windows 11 , 64 bit Build 22621 (10.0.22621.5415)
OS uptime: 0 days 6:56 hours

CPU: total 4 (initial active 4) (2 cores per cpu, 2 threads per core) family 6 model 142 stepping 12 microcode 0xde, cx8, cmov, fxsr, ht, mmx, 3dnowpref, sse, sse2, sse3, ssse3, sse4.1, sse4.2, popcnt, lzcnt, tsc, tscinvbit, avx, avx2, aes, erms, clmul, bmi1, bmi2, adx, fma, vzeroupper, clflush, clflushopt, rdtscp, f16c
Processor Information for the first 4 processors :
  Max Mhz: 2592, Current Mhz: 2093, Mhz Limit: 2073

Memory: 4k page, system-wide physical 8025M (133M free)
TotalPageFile size 15825M (AvailPageFile size 8M)
current process WorkingSet (physical memory assigned to process): 400M, peak: 490M
current process commit charge ("private bytes"): 524M, peak: 557M

vm_info: OpenJDK 64-Bit Server VM (26+35-2893) for windows-amd64 JRE (26+35-2893), built on 2026-02-12T17:04:02Z with MS VC++ 17.13 (VS2022)

END.
