#
# There is insufficient memory for the Java Runtime Environment to continue.
# Native memory allocation (mmap) failed to map 132120576 bytes for G1 virtual space
# Possible reasons:
#   The system is out of physical RAM or swap space
#   The process is running with CompressedOops enabled, and the Java Heap may be blocking the growth of the native heap
# Possible solutions:
#   Reduce memory load on the system
#   Increase physical memory or swap space
#   Check if swap backing store is full
#   Decrease Java heap size (-Xmx/-Xms)
#   Decrease number of Java threads
#   Decrease Java thread stack sizes (-Xss)
#   Set larger code cache with -XX:ReservedCodeCacheSize=
#   JVM is running with Unscaled Compressed Oops mode in which the Java heap is
#     placed in the first 4GB address space. The Java Heap base address is the
#     maximum limit for the native heap growth. Please use -XX:HeapBaseMinAddress
#     to set the Java Heap base and to place the Java Heap above 4GB virtual address.
# This output file may be truncated or incomplete.
#
#  Out of Memory Error (os_windows.cpp:3604), pid=3128, tid=10616
#
# JRE version:  (21.0.10+8) (build )
# Java VM: Java HotSpot(TM) 64-Bit Server VM (21.0.10+8-LTS-217, mixed mode, sharing, tiered, compressed oops, compressed class ptrs, g1 gc, windows-amd64)
# No core dump will be written. Minidumps are not enabled by default on client versions of Windows
#

---------------  S U M M A R Y ------------

Command Line: -Dfile.encoding=UTF-8 -Duser.country=ZA -Duser.language=en -Duser.variant org.springframework.boot.SpringApplicationAotProcessor org.tracker.ubus.ubus.UbusApplication D:\presentationUI\backend\Team48-API\build\generated\aotSources D:\presentationUI\backend\Team48-API\build\generated\aotResources D:\presentationUI\backend\Team48-API\build\generated\aotClasses org.tracker.Ubus UBUS

Host: Intel(R) Core(TM) i3-10110U CPU @ 2.10GHz, 4 cores, 7G,  Windows 11 , 64 bit Build 22621 (10.0.22621.5415)
Time: Sat May  9 18:20:20 2026 South Africa Standard Time elapsed time: 0.027489 seconds (0d 0h 0m 0s)

---------------  T H R E A D  ---------------

Current thread (0x000001b4a2753510):  JavaThread "Unknown thread" [_thread_in_vm, id=10616, stack(0x0000007147e00000,0x0000007147f00000) (1024K)]

Stack: [0x0000007147e00000,0x0000007147f00000]
Native frames: (J=compiled Java code, j=interpreted, Vv=VM code, C=native code)
V  [jvm.dll+0x6d0b59]
V  [jvm.dll+0x85fd56]
V  [jvm.dll+0x86224e]
V  [jvm.dll+0x862923]
V  [jvm.dll+0x282a16]
V  [jvm.dll+0x6cd405]
V  [jvm.dll+0x6c1f8a]
V  [jvm.dll+0x35bcc8]
V  [jvm.dll+0x363986]
V  [jvm.dll+0x3b4a3e]
V  [jvm.dll+0x3b4ce8]
V  [jvm.dll+0x32f98c]
V  [jvm.dll+0x3304db]
V  [jvm.dll+0x829d3e]
V  [jvm.dll+0x3c19d1]
V  [jvm.dll+0x812c0a]
V  [jvm.dll+0x4543d1]
V  [jvm.dll+0x455e21]
C  [jli.dll+0x5310]
C  [ucrtbase.dll+0x29333]
C  [KERNEL32.DLL+0x1259d]
C  [ntdll.dll+0x5af78]


---------------  P R O C E S S  ---------------

Threads class SMR info:
_java_thread_list=0x00007fff0e998c88, length=0, elements={
}

Java Threads: ( => current thread )
Total: 0

Other Threads:
  0x000001b4a49602e0 WorkerThread "GC Thread#0"                     [id=10720, stack(0x0000007147f00000,0x0000007148000000) (1024K)]
  0x000001b4a49719e0 ConcurrentGCThread "G1 Main Marker"            [id=12516, stack(0x0000007148000000,0x0000007148100000) (1024K)]
  0x000001b4a49726a0 WorkerThread "G1 Conc#0"                       [id=14900, stack(0x0000007148100000,0x0000007148200000) (1024K)]

[error occurred during error reporting (printing all threads), id 0xc0000005, EXCEPTION_ACCESS_VIOLATION (0xc0000005) at pc=0x00007fff0e102447]
VM state: not at safepoint (not fully initialized)

VM Mutex/Monitor currently owned by a thread:  ([mutex/lock_event])
[0x00007fff0ea0a010] Heap_lock - owner thread: 0x000001b4a2753510

Heap address: 0x0000000082800000, size: 2008 MB, Compressed Oops mode: 32-bit

CDS archive(s) mapped at: [0x0000000000000000-0x0000000000000000-0x0000000000000000), size 0, SharedBaseAddress: 0x0000000800000000, ArchiveRelocationMode: 1.
Narrow klass base: 0x0000000000000000, Narrow klass shift: 0, Narrow klass range: 0x0

GC Precious Log:
 CardTable entry size: 512
 Card Set container configuration: InlinePtr #cards 5 size 8 Array Of Cards #cards 12 size 40 Howl #buckets 4 coarsen threshold 1843 Howl Bitmap #cards 512 size 80 coarsen threshold 460 Card regions per heap region 1 cards per card region 2048

Heap:
 garbage-first heap   total 0K, used 0K [0x0000000082800000, 0x0000000100000000)
  region size 1024K, 0 young (0K), 0 survivors (0K)

[error occurred during error reporting (printing heap information), id 0xc0000005, EXCEPTION_ACCESS_VIOLATION (0xc0000005) at pc=0x00007fff0e4eac39]
GC Heap History (0 events):
No events

Dll operation events (1 events):
Event: 0.018 Loaded shared library C:\Program Files\Java\jdk-21.0.10\bin\java.dll

Deoptimization events (0 events):
No events

Classes loaded (0 events):
No events

Classes unloaded (0 events):
No events

Classes redefined (0 events):
No events

Internal exceptions (0 events):
No events

ZGC Phase Switch (0 events):
No events

VM Operations (0 events):
No events

Events (0 events):
No events


Dynamic libraries:
0x00007ff6b8fd0000 - 0x00007ff6b8fe0000 	C:\Program Files\Java\jdk-21.0.10\bin\java.exe
0x00007fffdcaf0000 - 0x00007fffdcd08000 	C:\WINDOWS\SYSTEM32\ntdll.dll
0x00007fffdb8d0000 - 0x00007fffdb994000 	C:\WINDOWS\System32\KERNEL32.DLL
0x00007fffd9c00000 - 0x00007fffd9fd3000 	C:\WINDOWS\System32\KERNELBASE.dll
0x00007fffda520000 - 0x00007fffda631000 	C:\WINDOWS\System32\ucrtbase.dll
0x00007fffc1f00000 - 0x00007fffc1f1e000 	C:\Program Files\Java\jdk-21.0.10\bin\VCRUNTIME140.dll
0x00007fffc1e30000 - 0x00007fffc1e49000 	C:\Program Files\Java\jdk-21.0.10\bin\jli.dll
0x00007fffda790000 - 0x00007fffda841000 	C:\WINDOWS\System32\ADVAPI32.dll
0x00007fffdafa0000 - 0x00007fffdb047000 	C:\WINDOWS\System32\msvcrt.dll
0x00007fffdad80000 - 0x00007fffdae28000 	C:\WINDOWS\System32\sechost.dll
0x00007fffda640000 - 0x00007fffda668000 	C:\WINDOWS\System32\bcrypt.dll
0x00007fffdb3f0000 - 0x00007fffdb508000 	C:\WINDOWS\System32\RPCRT4.dll
0x00007fffdb510000 - 0x00007fffdb6c2000 	C:\WINDOWS\System32\USER32.dll
0x00007fffda210000 - 0x00007fffda236000 	C:\WINDOWS\System32\win32u.dll
0x00007fffdb7f0000 - 0x00007fffdb819000 	C:\WINDOWS\System32\GDI32.dll
0x00007fffda670000 - 0x00007fffda78b000 	C:\WINDOWS\System32\gdi32full.dll
0x00007fffda2c0000 - 0x00007fffda35a000 	C:\WINDOWS\System32\msvcp_win.dll
0x00007fffb7c70000 - 0x00007fffb7f0c000 	C:\WINDOWS\WinSxS\amd64_microsoft.windows.common-controls_6595b64144ccf1df_6.0.22621.6060_none_2712eda17382d24b\COMCTL32.dll
0x00007fffcf690000 - 0x00007fffcf69a000 	C:\WINDOWS\SYSTEM32\VERSION.dll
0x00007fffdacb0000 - 0x00007fffdace1000 	C:\WINDOWS\System32\IMM32.DLL
0x00007fffc3be0000 - 0x00007fffc3bec000 	C:\Program Files\Java\jdk-21.0.10\bin\vcruntime140_1.dll
0x00007fff78bc0000 - 0x00007fff78c4d000 	C:\Program Files\Java\jdk-21.0.10\bin\msvcp140.dll
0x00007fff0ddc0000 - 0x00007fff0eae7000 	C:\Program Files\Java\jdk-21.0.10\bin\server\jvm.dll
0x00007fffdc9e0000 - 0x00007fffdca51000 	C:\WINDOWS\System32\WS2_32.dll
0x00007fffd9ad0000 - 0x00007fffd9b1d000 	C:\WINDOWS\SYSTEM32\POWRPROF.dll
0x00007fffd7820000 - 0x00007fffd7854000 	C:\WINDOWS\SYSTEM32\WINMM.dll
0x00007fffd9ab0000 - 0x00007fffd9ac3000 	C:\WINDOWS\SYSTEM32\UMPDC.dll
0x00007fffd8be0000 - 0x00007fffd8bf8000 	C:\WINDOWS\SYSTEM32\kernel.appcore.dll
0x00007fffc3760000 - 0x00007fffc376a000 	C:\Program Files\Java\jdk-21.0.10\bin\jimage.dll
0x00007fffd7370000 - 0x00007fffd75a3000 	C:\WINDOWS\SYSTEM32\DBGHELP.DLL
0x00007fffdb050000 - 0x00007fffdb3e1000 	C:\WINDOWS\System32\combase.dll
0x00007fffda850000 - 0x00007fffda928000 	C:\WINDOWS\System32\OLEAUT32.dll
0x00007fffa9050000 - 0x00007fffa9082000 	C:\WINDOWS\SYSTEM32\dbgcore.DLL
0x00007fffda4a0000 - 0x00007fffda51b000 	C:\WINDOWS\System32\bcryptPrimitives.dll
0x00007fffc0620000 - 0x00007fffc0641000 	C:\Program Files\Java\jdk-21.0.10\bin\java.dll

dbghelp: loaded successfully - version: 4.0.5 - missing functions: none
symbol engine: initialized successfully - sym options: 0x614 - pdb path: .;C:\Program Files\Java\jdk-21.0.10\bin;C:\WINDOWS\SYSTEM32;C:\WINDOWS\WinSxS\amd64_microsoft.windows.common-controls_6595b64144ccf1df_6.0.22621.6060_none_2712eda17382d24b;C:\Program Files\Java\jdk-21.0.10\bin\server

VM Arguments:
jvm_args: -Dfile.encoding=UTF-8 -Duser.country=ZA -Duser.language=en -Duser.variant 
java_command: org.springframework.boot.SpringApplicationAotProcessor org.tracker.ubus.ubus.UbusApplication D:\presentationUI\backend\Team48-API\build\generated\aotSources D:\presentationUI\backend\Team48-API\build\generated\aotResources D:\presentationUI\backend\Team48-API\build\generated\aotClasses org.tracker.Ubus UBUS
java_class_path (initial): D:\presentationUI\backend\Team48-API\build\classes\java\main;D:\presentationUI\backend\Team48-API\build\resources\main;C:\Users\Zack.LAPTOP-GOMAQHKI\.gradle\caches\modules-2\files-2.1\org.springframework.boot\spring-boot-starter-data-jpa\4.0.5\a3c0f0ce8718685f41558b30cc0e18fa0aec6ed0\spring-boot-starter-data-jpa-4.0.5.jar;C:\Users\Zack.LAPTOP-GOMAQHKI\.gradle\caches\modules-2\files-2.1\org.springframework.boot\spring-boot-data-jpa\4.0.5\63ccca96fabdd60b682f54be7127723b6cdbf04a\spring-boot-data-jpa-4.0.5.jar;C:\Users\Zack.LAPTOP-GOMAQHKI\.gradle\caches\modules-2\files-2.1\org.springframework.boot\spring-boot-hibernate\4.0.5\920b9d847da7109fbe585967486eef153466e630\spring-boot-hibernate-4.0.5.jar;C:\Users\Zack.LAPTOP-GOMAQHKI\.gradle\caches\modules-2\files-2.1\org.hibernate.orm\hibernate-core\7.2.7.Final\2d4b2af4c6b3b1723f2832ebca83bd154662cefd\hibernate-core-7.2.7.Final.jar;C:\Users\Zack.LAPTOP-GOMAQHKI\.gradle\caches\modules-2\files-2.1\org.springframework.boot\spring-boot-starter-mail\4.0.5\b2583e93f599444b413c12636812bcf00f4a0c98\spring-boot-starter-mail-4.0.5.jar;C:\Users\Zack.LAPTOP-GOMAQHKI\.gradle\caches\modules-2\files-2.1\org.springframework.boot\spring-boot-starter-security\4.0.5\a3163aaeeb98a33e60f66d677b9751026ce1799b\spring-boot-starter-security-4.0.5.jar;C:\Users\Zack.LAPTOP-GOMAQHKI\.gradle\caches\modules-2\files-2.1\org.springframework.boot\spring-boot-starter-validation\4.0.5\592c21c36c72bb0ae99d665a6b6feb3b8a1143\spring-boot-starter-validation-4.0.5.jar;C:\Users\Zack.LAPTOP-GOMAQHKI\.gradle\caches\modules-2\files-2.1\org.springframework.boot\spring-boot-starter-websocket\4.0.5\48fbd356754c737bb1cca62e91e11d33490a2035\spring-boot-starter-websocket-4.0.5.jar;C:\Users\Zack.LAPTOP-GOMAQHKI\.gradle\caches\modules-2\files-2.1\org.springframework.boot\spring-boot-starter-webmvc\4.0.5\3bb411e29fbfb48fa378eb7ca6d11dedc6a8b3e8\spring-boot-starter-webmvc-4.0.5.jar;C:\Users\Zack.LAPTOP-GOMAQHKI\.gradle\caches\modules-2\files-2.1\io.github.cdimascio\dotenv-java\3.0.0\f535c5df8b98575eabb2820e548f5ba8a987fe69\dotenv-java-3.0.0.jar;C:\Users\Zack.LAPTOP-GOMAQHKI\.gradle\caches\modules-2\files-2.1\io.jsonwebtoken\jjwt-impl\0.13.0\9e7c70dd7014909556755fb01c465dd184b4b1d9\jjwt-impl-0.13.0.jar;C:\Users\Zack.LAPTOP-GOMAQHKI\.gradle\caches\modules-2\files-2.1\io.jsonwebtoken\jjwt-jackson\0.13.0\cfe37531887657716ec20b5ef22f22b32e8bf4a8\jjwt-jackson-0.13.0.jar;C:\Users\Zack.LAPTOP-GOMAQHKI\.gradle\caches\modules-2\files-2.1\io.jsonwebtoken\jjwt-api\0.13.0\ce631a0342b08953355f333b488d2b03445b9f3e\jjwt-api-0.13.0.jar;C:\Users\Zack.LAPTOP-GOMAQHKI\.gradle\caches\modules-2\files-2.1\org.springframework.boot\spring-boot-starter-actuator\4.0.5\6600aacfa36a412ac113b450dfc4c3a0d8e70611\spring-boot-starter-actuator-4.0.5.jar;C:\Users\Zack.LAPTOP-GOMAQHKI\.gradle\caches\modules-2\files-2.1\org.postgresql\postgresql\42.7.10\35100a3f0899551e27af8fed4a3414619a4663b3\postgresql-42.7.10.jar;C:\Users\Zack.LAPTOP-GOMAQHKI\.gradle\caches\modules-2\files-2.1\org.springframework.boot\spring-boot-jpa\4.0.5\c3530a499809aeab48dff7911312105fa457939d\spring-boot-jpa-4.0.5.jar;C:\Users\Zack.LAPTOP-GOMAQHKI\.gradle\caches\modules-2\files-2.1\jakarta.persistence\jakarta.persistence-api\3.2.0\bb75a113f3fa191c2c7ee7b206d8e674251b3129\jakarta.persistence-api-3.2.0.jar;C:\Users\Zack.LAPTOP-GOMAQHKI\.gradle\caches\modules-2\files-2.1\jakarta.transaction\jakarta.transaction-api\2.0.1\51a520e3fae406abb84e2e1148e6746ce3f80a1a\jakarta.transaction-api-2.0.1.jar;C:\Users\Zack.LAPTOP-GOMAQHKI\.gradle\caches\modules-2\files-2.1\org.hibernate.models\hibernate-models\1.0.1\3158c5f9309494b905de62c72f6f02d108aea651\hibernate-models-1.0.1.jar;C:\Users\Zack.LAPTOP-GOMAQHKI\.gradle\caches\modules-2\files-2.1\org.springframework.boot\spring-boot-validation\4.0.5\e1bda22af7da5e23ff0ba8212577b28c61dccdcc\spring-boot-validation-4.0.5.jar;C:\Users\Zack.LAPTOP-GOMAQHKI\.gradle\caches\modules-2\files-2.1\org.hibernate.validator\hibernate-validator\9.0.1.Final\28c0e41ecc84d1f0b8b6d81d16e0784e63364e68\hibernate-validator-9.0.1.Final.jar;C:\Users\Zack.LAPTOP-GOMAQHKI\.gradle\caches\modules-2\files-2.1\org.jboss.logging\jboss-logging\3.6.3.Final\1cc9f976725720bb4a66f80af3e3aa6b9890d969\jboss-logging-3.6.3.Final.jar;C:\Users\Zack.LAPTOP-GOMAQHKI\.gradle\caches\modules-2\files-2.1\com.fasterxml\classmate\1.7.3\f61c7e7b81e9249b0f6a05914eff9d54fb09f4a0\classmate-1.7.3.jar;C:\Users\Zack.LAPTOP-GOMAQHKI\.gradle\caches\modules-2\files-2.1\net.bytebuddy\byte-buddy\1.17.8\af5735f63d00ca47a9375fae5c7471a36331c6ed\byte-buddy-1.17.8.jar;C:\Users\Zack.LAPTOP-GOMAQHKI\.gradle\caches\modules-2\files-2.1\org.glassfish.jaxb\jaxb-runtime\4.0.6\fb95ebb62564657b2fedfe165b859789ef3a8711\jaxb-runtime-4.0.6.jar;C:\Users\Zack.LAPTOP-GOMAQHKI\.gradle\caches\modules-2\files-2.1\org.glassfish.jaxb\jaxb-core\4.0.6\8e61282303777fc98a00cc3affd0560d68748a75\jaxb-core-4.0.6.jar;C:\Users\Zack.LAPTOP-GOMAQHKI\.gradle\caches\modules-2\files-2.1\jakarta.xml.bind\jakarta.xml.bind-api\4.0.4\d6d2327f3817d9a33a3b6b8f2e15a96bc2e7afdc\jakarta.xml.bind-api-4.0.4.jar;C:\Users\Zack.LAPTOP-GOMAQHKI\.gradle\caches\modules-2\files-2.1\jakarta.inject\jakarta.inject-api\2.0.1\4c28afe1991a941d7702fe1362c365f0a8641d1e\jakarta.inject-api-2.0.1.jar;C:\Users\Zack.LAPTOP-GOMAQHKI\.gradle\caches\modules-2\files-2.1\org.springframework.data\spring-data-jpa\4.0.4\4421c139d505613ee2bb4cee1f8d51c219e36380\spring-data-jpa-4.0.4.jar;C:\Users\Zack.LAPTOP-GOMAQHKI\.gradle\caches\modules-2\files-2.1\org.antlr\antlr4-runtime\4.13.2\fc3db6d844df652a3d5db31c87fa12757f13691d\antlr4-runtime-4.13.2.jar;C:\Users\Zack.LAPTOP-GOMAQHKI\.gradle\caches\modules-2\files-2.1\org.springframework.boot\spring-boot-starter-jdbc\4.0.5\2ca3dfd8e504d7fec3c477a0ed44231e37d531a4\spring-boot-starter-jdbc-4.0.5.jar;C:\Users\Zack.LAPTOP-GOMAQHKI\.gradle\caches\modules-2\files-2.1\org.springframework.boot\spring-boot-starter-jackson\4.0.5\16d3f8e99476fd61f39de7e96d2b66a2d18e943d\spring-boot-starter-jackson-4.0.5.jar;C:\Users\Zack.LAPTOP-GOMAQHKI\.gradle\caches\modules-2\files-2.1\org.springframework.boot\spring-boot-starter-tomcat\4.0.5\f8dc612cb0cdd09c0d29f1a16bfbf184629f247\spring-boot-starter-tomcat-4.0.5.jar;C:\Users\Zack.LAPTOP-GOMAQHKI\.gradle\caches\modules-2\files-2.1\org.springframework.boot\spring-boot-starter-micrometer-metrics\4.0.5\6d1a06aa3dbb5616204efcc172ddc4565b84692a\spring-boot-starter-micrometer-metrics-4.0.5.jar;C:\Users\Zack.LAPTOP-GOMAQHKI\.gradle\caches\modules-2\files-2.1\org.springframework.boot\spring-boot-starter\4.0.5\2767611655cf4a17306c3331f95b6f90db83ee06\spring-boot-starter-4.0.5.jar;C:\Users\Zack.LAPTOP-GOMAQHKI\.gradle\caches\modules-2\files-2.1\org.springframework.boot\spring-boot-jdbc\4.0.5\91b50419766f999c4a7c155d74955a67ad00237d\spring-boot-jdbc-4.0.5.jar;C:\Users\Zack.LAPTOP-GOMAQHKI\.gradle\caches\modules-2\files-2.1\org.springframework.boot\spring-boot-mail\4.0.5\4b5e326dce015d92b47b6e84dbf97a9435bdf557\spring-boot-mail-4.0.5.jar;C:\Users\Zack.LAPTOP-GOMAQHKI\.gradle\caches\modules-2\files-2.1\org.springframework.boot\spring-boot-security\4.0.5\d6be8e81058a228763618be19219fb703e96eaf8\spring-boot-security-4.0.5.jar;C:\Users\Zack.LAPTOP-GOMAQHKI\.gradle\caches\modules-2\files-2.1\org.springframework.security\spring-security-config\7.0.4\5e65eab9363a8c6bd275f293f8658d4863f4bc32\spring-security-config-7.0.4.jar;C:\Users\Zack.LAPTOP-GOMAQHKI\.gradle\caches\modules-2\files-2.1\org.springframework.security\spring-security-web\7.0.4\507ae0d823fa413c7bc1f811bfdfe4e2ab4172b2\spring-security-web-7.0.4.jar;C:\Users\Zack.LAPTOP-GOMAQHKI\.gradle\caches\modules-2\files-2.1\org.springframework.boot\spring-boot-webmvc\4.0.5\33bed4ae1c0fef88d4ebdb82916fbb19b884a034\spring-boot-webmvc-4.0.5.jar;C:\Users\Zack.LAPTOP-GOMAQHKI\.gradle\caches\modules-2\files-2.1\org.springframework\spring-webmvc\7.0.6\da516a887d0fea326c16b07fb2519f7f112f8eda\spring-webmvc-7.0.6.jar;C:\Users\Zack.LAPTOP-GOMAQHKI\.gradle\caches\modules-2\files-2.1\org.springframework.boot\spring-boot-http-converter\4.0.5\54326cc39a6fd5d5f5bf63f5b25d527d3cd40b57\spring-boot-http-converter-4.0.5.jar;C:\Users\Zack.LAPTOP-GOMAQHKI\.gradle\caches\modules-2\files-2.1\org.springframework.boot\spring-boot-websocket\4.0.5\7e304dff19ed1eeddbe3a53cd400cee8a194a774\spring-boot-websocket-4.0.5.jar;C:\Users\Zack.LAPTOP-GOMAQHKI\.gradle\caches\modules-2\files-2.1\org.springframework.boot\spring-boot-health\4.0.5\1b008e201bf80c617dba9e49b031617a7b92cf9f\spring-boot-health-4.0.5.jar;C:\Users\Zack.LAPTOP-GOMAQHKI\.gradle\caches\modules-2\files-2.1\org.springframework.boot\spring-boot-actuator-autoconfigure\4.0.5\6db1d31e825929d82c1692fed2411564980c4810\spring-boot-actuator-autoconfigure-4.0.5.jar;C:\Users\Zack.LAPTOP-GOMAQHKI\.gradle\caches\modules-2\files-2.1\org.springframework.boot\spring-boot-autoconfigure\4.0.5\bf08009c287a35514024334852a88cb257e783dc\spring-boot-autoconfigure-4.0.5.jar;C:\Users\Zack.LAPTOP-GOMAQHKI\.gradle\caches\modules-2\files-2.1\org.springframework.boot\spring-boot-data-commons\4.0.5\2a09a26870c634b1caaed9cd2d06b13a24869e4\spring-boot-data-commons-4.0.5.jar;C:\Users\Zack.LAPTOP-GOMAQHKI\.gradle\caches\modules-2\files-2.1\org.springframework.boot\spring-boot-sql\4.0.5\465edfcf125b39ace75cb02a383277d2eb9bea72\spring-boot-sql-4.0.5.jar;C:\Users\Zack.LAPTOP-GOMAQHKI\.gradle\caches\modules-2\files-2.1\org.springframework.boot\spring-boot-transaction\4.0.5\37bcc8daa316b761223588c5e457ab92b89e2b71\spring-boot-transaction-4.0.5.jar;C:\Users\Zack.LAPTOP-GOMAQHKI\.gradle\caches\modules-2\files-2.1\org.springframework.boot\spring-boot-jackson\4.0.5\86a6e7f4c1e1c613dfdbf0b320b5092e725a53f6\spring-boot-jackson-4.0.5.jar;C:\Users\Zack.LAPTOP-GOMAQHKI\.gradle\caches\modules-2\files-2.1\org.springframework.boot\spring-boot-servlet\4.0.5\2d198d18d68eb0f3bc0bde435cb684a955f32ad5\spring-boot-servlet-4.0.5.jar;C:\Users\Zack.LAPTOP-GOMAQHKI\.gradle\caches\modules-2\files-2.1\org.springframework.boot\spring-boot-micrometer-metrics\4.0.5\79dc558c123997a8af99fc33b8a7d6bb1978eb8f\spring-boot-micrometer-metrics-4.0.5.jar;C:\Users\Zack.LAPTOP-GOMAQHKI\.gradle\caches\modules-2\files-2.1\org.springframework.boot\spring-boot-actuator\4.0.5\23035a9e13f827bba5b81bf7f336ee14d1a13a8\spring-boot-actuator-4.0.5.jar;C:\Users\Zack.LAPTOP-GOMAQHKI\.gradle\caches\modules-2\files-2.1\org.springframework.boot\spring-boot-persistence\4.0.5\dbfa95f90464d81da553c092572154214ac97c47\spring-boot-persistence-4.0.5.jar;C:\Users\Zack.LAPTOP-GOMAQHKI\.gradle\caches\modules-2\files-2.1\org.springframework.boot\spring-boot-starter-tomcat-runtime\4.0.5\d352a6c24ad93d1518233ddce144a180d491073b\spring-boot-starter-tomcat-runtime-4.0.5.jar;C:\Users\Zack.LAPTOP-GOMAQHKI\.gradle\caches\modules-2\files-2.1\org.springframework.boot\spring-boot-tomcat\4.0.5\de470a149dd8e9871cf8b918541303dfce6553b8\spring-boot-tomcat-4.0.5.jar;C:\Users\Zack.LAPTOP-GOMAQHKI\.gradle\caches\modules-2\files-2.1\org.springframework.boot\spring-boot-web-server\4.0.5\e70e3422c68f2fae6fcb2782be5fa31c0a788a6d\spring-boot-web-server-4.0.5.jar;C:\Users\Zack.LAPTOP-GOMAQHKI\.gradle\caches\modules-2\files-2.1\org.springframework.boot\spring-boot-micrometer-observation\4.0.5\490c94bfb870ab271eb1fd9390aaf03eda4575dc\spring-boot-micrometer-observation-4.0.5.jar;C:\Users\Zack.LAPTOP-GOMAQHKI\.gradle\caches\modules-2\files-2.1\org.springframework.boot\spring-boot\4.0.5\465309ef0008c598d714c3b4d27c9f9e0876d015\spring-boot-4.0.5.jar;C:\Users\Zack.LAPTOP-GOMAQHKI\.gradle\caches\modules-2\files-2.1\org.springframework\spring-context-support\7.0.6\33781e67eae13341a22a770a59a15eff68667e42\spring-context-support-7.0.6.jar;C:\Users\Zack.LAPTOP-GOMAQHKI\.gradle\caches\modules-2\files-2.1\org.springframework\spring-websocket\7.0.6\d6400c04b33ae958a50f3b80aadc2cee3f62f81b\spring-websocket-7.0.6.jar;C:\Users\Zack.LAPTOP-GOMAQHKI\.gradle\caches\modules-2\files-2.1\org.springframework.security\spring-security-core\7.0.4\9e4c8cca413a8962ada9c93094da26a440976c14\spring-security-core-7.0.4.jar;C:\Users\Zack.LAPTOP-GOMAQHKI\.gradle\caches\modules-2\files-2.1\org.springframework\spring-context\7.0.6\e722fa5455c1be437de1947d570506cb2bb142e9\spring-context-7.0.6.jar;C:\Users\Zack.LAPTOP-GOMAQHKI\.gradle\caches\modules-2\files-2.1\org.springframework\spring-aop\7.0.6\1b8358db4326013f8cfcbf22061aa076489dfbbe\spring-aop-7.0.6.jar;C:\Users\Zack.LAPTOP-GOMAQHKI\.gradle\caches\modules-2\files-2.1\io.micrometer\micrometer-jakarta9\1.16.4\b6c905e93d8c4d6e08c0cc883d99f063c2b31dc\micrometer-jakarta9-1.16.4.jar;C:\Users\Zack.LAPTOP-GOMAQHKI\.gradle\caches\modules-2\files-2.1\org.springframework\spring-web\7.0.6\2baeb353efd42374239cc45e8d02780d6c6e7a77\spring-web-7.0.6.jar;C:\Users\Zack.LAPTOP-GOMAQHKI\.gradle\caches\modules-2\files-2.1\io.micrometer\micrometer-core\1.16.4\dce674d15f271ae4cd0d5826ec0e4056aef778de\micrometer-core-1.16.4.jar;C:\Users\Zack.LAPTOP-GOMAQHKI\.gradle\caches\modules-2\files-2.1\io.micrometer\micrometer-observation\1.16.4\64b57332a68b75ba36d9bf9b4cfd62610d0fb158\micrometer-observation-1.16.4.jar;C:\Users\Zack.LAPTOP-GOMAQHKI\.gradle\caches\modules-2\files-2.1\com.fasterxml.jackson.core\jackson-core\2.21.2\7d11eac823392f28d8ee7bda77eaadfccbab83e5\jackson-core-2.21.2.jar;C:\Users\Zack.LAPTOP-GOMAQHKI\.gradle\caches\modules-2\files-2.1\com.fasterxml.jackson.core\jackson-databind\2.21.2\71ab8ff75b4fd74afdee0004173fdd15de1d6a28\jackson-databind-2.21.2.jar;C:\Users\Zack.LAPTOP-GOMAQHKI\.gradle\caches\modules-2\files-2.1\org.checkerframework\checker-qual\3.52.0\9c17f496846ab1fca8975c6a50ceac0b3bbe63f0\checker-qual-3.52.0.jar;C:\Users\Zack.LAPTOP-GOMAQHKI\.gradle\caches\modules-2\files-2.1\org.eclipse.angus\angus-mail\2.0.5\427f6d52ec0782f7efaca0c0732042e347a6cb4f\angus-mail-2.0.5.jar;C:\Users\Zack.LAPTOP-GOMAQHKI\.gradle\caches\modules-2\files-2.1\jakarta.mail\jakarta.mail-api\2.1.5\be9b3b677ed6083f575c437ebc442a6a4bd2b931\jakarta.mail-api-2.1.5.jar;C:\Users\Zack.LAPTOP-GOMAQHKI\.gradle\caches\modules-2\files-2.1\org.eclipse.angus\angus-activation\2.0.3\7f80607ea5014fef0b1779e6c33d63a88a45a563\angus-activation-2.0.3.jar;C:\Users\Zack.LAPTOP-GOMAQHKI\.gradle\caches\modules-2\files-2.1\jakarta.activation\jakarta.activation-api\2.1.4\9e5c2a0d75dde71a0bedc4dbdbe47b78a5dc50f8\jakarta.activation-api-2.1.4.jar;C:\Users\Zack.LAPTOP-GOMAQHKI\.gradle\caches\modules-2\files-2.1\org.springframework.boot\spring-boot-starter-logging\4.0.5\a8ec816a66922170c0b2abbc4720382fb248183d\spring-boot-starter-logging-4.0.5.jar;C:\Users\Zack.LAPTOP-GOMAQHKI\.gradle\caches\modules-2\files-2.1\jakarta.annotation\jakarta.annotation-api\3.0.0\54f928fadec906a99d558536756d171917b9d936\jakarta.annotation-api-3.0.0.jar;C:\Users\Zack.LAPTOP-GOMAQHKI\.gradle\caches\modules-2\files-2.1\org.yaml\snakeyaml\2.5\2d53ddec134280cb384c1e35d094e5f71c1f2316\snakeyaml-2.5.jar;C:\Users\Zack.LAPTOP-GOMAQHKI\.gradle\caches\modules-2\files-2.1\com.zaxxer\HikariCP\7.0.2\c2b43c946b86a14a96342379e22b004c56c6166d\HikariCP-7.0.2.jar;C:\Users\Zack.LAPTOP-GOMAQHKI\.gradle\caches\modules-2\files-2.1\org.springframework\spring-aspects\7.0.6\5a89bac97d1aa057aa9bafc1cd1c76b1329dc0cc\spring-aspects-7.0.6.jar;C:\Users\Zack.LAPTOP-GOMAQHKI\.gradle\caches\modules-2\files-2.1\org.springframework\spring-orm\7.0.6\719bd92fe383fcc5b084675667da870ff8dabeca\spring-orm-7.0.6.jar;C:\Users\Zack.LAPTOP-GOMAQHKI\.gradle\caches\modules-2\files-2.1\org.springframework\spring-jdbc\7.0.6\5640a8dd396b13e5ecc7ad222c0788eb0214a743\spring-jdbc-7.0.6.jar;C:\Users\Zack.LAPTOP-GOMAQHKI\.gradle\caches\modules-2\files-2.1\org.springframework\spring-messaging\7.0.6\9b1fe6eb94f75b85ba75242a24c145be8ffc3beb\spring-messaging-7.0.6.jar;C:\Users\Zack.LAPTOP-GOMAQHKI\.gradle\caches\modules-2\files-2.1\org.springframework.data\spring-data-commons\4.0.4\7770d18057ad59f7af71584c45583f303d17a6f0\spring-data-commons-4.0.4.jar;C:\Users\Zack.LAPTOP-GOMAQHKI\.gradle\caches\modules-2\files-2.1\org.springframework\spring-tx\7.0.6\94e443fe301137d8fec6f8092e10ed62bd6432b3\spring-tx-7.0.6.jar;C:\Users\Zack.LAPTOP-GOMAQHKI\.gradle\caches\modules-2\files-2.1\org.springframework\spring-beans\7.0.6\e8433956653fd38cf0b1d8769484ca8411123713\spring-beans-7.0.6.jar;C:\Users\Zack.LAPTOP-GOMAQHKI\.gradle\caches\modules-2\files-2.1\org.springframework\spring-expression\7.0.6\c00c73c545c81e2eae224a46a7c509fca74a2860\spring-expression-7.0.6.jar;C:\Users\Zack.LAPTOP-GOMAQHKI\.gradle\caches\modules-2\files-2.1\org.springframework\spring-core\7.0.6\5e4e7fd5bee4be66a0786abe0c90419a713114b5\spring-core-7.0.6.jar;C:\Users\Zack.LAPTOP-GOMAQHKI\.gradle\caches\modules-2\files-2.1\org.apache.tomcat.embed\tomcat-embed-el\11.0.20\ed5ce9eeb3fae5b39e6da171f24430d3b7c3195b\tomcat-embed-el-11.0.20.jar;C:\Users\Zack.LAPTOP-GOMAQHKI\.gradle\caches\modules-2\files-2.1\io.micrometer\micrometer-commons\1.16.4\b6a0e350a714f4cd973d760e68104c9602b4564c\micrometer-commons-1.16.4.jar;C:\Users\Zack.LAPTOP-GOMAQHKI\.gradle\caches\modules-2\files-2.1\org.jspecify\jspecify\1.0.0\7425a601c1c7ec76645a78d22b8c6a627edee507\jspecify-1.0.0.jar;C:\Users\Zack.LAPTOP-GOMAQHKI\.gradle\caches\modules-2\files-2.1\tools.jackson.core\jackson-core\3.1.0\df0dc5d0bf720739ae7b6afeee2af2aabf88905b\jackson-core-3.1.0.jar;C:\Users\Zack.LAPTOP-GOMAQHKI\.gradle\caches\modules-2\files-2.1\tools.jackson.core\jackson-databind\3.1.0\59a342020cc4f5a49335c16820be6ed8ca8ee6c7\jackson-databind-3.1.0.jar;C:\Users\Zack.LAPTOP-GOMAQHKI\.gradle\caches\modules-2\files-2.1\com.fasterxml.jackson.core\jackson-annotations\2.21\b1bc1868bf02dc0bd6c7836257a036a331005309\jackson-annotations-2.21.jar;C:\Users\Zack.LAPTOP-GOMAQHKI\.gradle\caches\modules-2\files-2.1\org.glassfish.jaxb\txw2\4.0.6\4f4cd53b5ff9a2c5aa1211f15ed2569c57dfb044\txw2-4.0.6.jar;C:\Users\Zack.LAPTOP-GOMAQHKI\.gradle\caches\modules-2\files-2.1\com.sun.istack\istack-commons-runtime\4.1.2\18ec117c85f3ba0ac65409136afa8e42bc74e739\istack-commons-runtime-4.1.2.jar;C:\Users\Zack.LAPTOP-GOMAQHKI\.gradle\caches\modules-2\files-2.1\ch.qos.logback\logback-classic\1.5.32\2b1042c50f508f2eb402bd4d22ccbdf94cc37d2e\logback-classic-1.5.32.jar;C:\Users\Zack.LAPTOP-GOMAQHKI\.gradle\caches\modules-2\files-2.1\org.apache.logging.log4j\log4j-to-slf4j\2.25.3\30adfb40cca243ec88cf7ec1fddb411ab55faa4f\log4j-to-slf4j-2.25.3.jar;C:\Users\Zack.LAPTOP-GOMAQHKI\.gradle\caches\modules-2\files-2.1\org.slf4j\jul-to-slf4j\2.0.17\524cb6ccc2b68a57604750e1ab8b13b5a786a6aa\jul-to-slf4j-2.0.17.jar;C:\Users\Zack.LAPTOP-GOMAQHKI\.gradle\caches\modules-2\files-2.1\org.slf4j\slf4j-api\2.0.17\d9e58ac9c7779ba3bf8142aff6c830617a7fe60f\slf4j-api-2.0.17.jar;C:\Users\Zack.LAPTOP-GOMAQHKI\.gradle\caches\modules-2\files-2.1\org.aspectj\aspectjweaver\1.9.25.1\a713c790da4d794c7dfb542b550d4e44898d5e23\aspectjweaver-1.9.25.1.jar;C:\Users\Zack.LAPTOP-GOMAQHKI\.gradle\caches\modules-2\files-2.1\commons-logging\commons-logging\1.3.6\63e78ca6cd446c0ad166d14f03ed99e7efb3896d\commons-logging-1.3.6.jar;C:\Users\Zack.LAPTOP-GOMAQHKI\.gradle\caches\modules-2\files-2.1\jakarta.validation\jakarta.validation-api\3.1.1\ec8622148afc5564235d17af80ea80288d0e7f92\jakarta.validation-api-3.1.1.jar;C:\Users\Zack.LAPTOP-GOMAQHKI\.gradle\caches\modules-2\files-2.1\org.apache.tomcat.embed\tomcat-embed-websocket\11.0.20\e7f0889299296445fba512d43858b863d563e1d2\tomcat-embed-websocket-11.0.20.jar;C:\Users\Zack.LAPTOP-GOMAQHKI\.gradle\caches\modules-2\files-2.1\org.apache.tomcat.embed\tomcat-embed-core\11.0.20\384f1db7c5a017bf0381fc03693606a08b252c23\tomcat-embed-core-11.0.20.jar;C:\Users\Zack.LAPTOP-GOMAQHKI\.gradle\caches\modules-2\files-2.1\org.hdrhistogram\HdrHistogram\2.2.2\7959933ebcc0f05b2eaa5af0a0c8689fa257b15c\HdrHistogram-2.2.2.jar;C:\Users\Zack.LAPTOP-GOMAQHKI\.gradle\caches\modules-2\files-2.1\org.latencyutils\LatencyUtils\2.0.3\769c0b82cb2421c8256300e907298a9410a2a3d3\LatencyUtils-2.0.3.jar;C:\Users\Zack.LAPTOP-GOMAQHKI\.gradle\caches\modules-2\files-2.1\ch.qos.logback\logback-core\1.5.32\fdfb3ff9a842303d4a95207294a6c6bc64e2605d\logback-core-1.5.32.jar;C:\Users\Zack.LAPTOP-GOMAQHKI\.gradle\caches\modules-2\files-2.1\org.apache.logging.log4j\log4j-api\2.25.3\fb385330d89c2d61058ef649403f214633569205\log4j-api-2.25.3.jar;C:\Users\Zack.LAPTOP-GOMAQHKI\.gradle\caches\modules-2\files-2.1\org.springframework.security\spring-security-crypto\7.0.4\b3e7cc6be5333bf3e3a4910ea0fd0371a3c339d6\spring-security-crypto-7.0.4.jar
Launcher Type: SUN_STANDARD

[Global flags]
     intx CICompilerCount                          = 3                                         {product} {ergonomic}
     uint ConcGCThreads                            = 1                                         {product} {ergonomic}
     uint G1ConcRefinementThreads                  = 4                                         {product} {ergonomic}
   size_t G1HeapRegionSize                         = 1048576                                   {product} {ergonomic}
    uintx GCDrainStackTargetSize                   = 64                                        {product} {ergonomic}
   size_t InitialHeapSize                          = 132120576                                 {product} {ergonomic}
   size_t MarkStackSize                            = 4194304                                   {product} {ergonomic}
   size_t MaxHeapSize                              = 2105540608                                {product} {ergonomic}
   size_t MinHeapDeltaBytes                        = 1048576                                   {product} {ergonomic}
   size_t MinHeapSize                              = 8388608                                   {product} {ergonomic}
    uintx NonNMethodCodeHeapSize                   = 5832780                                {pd product} {ergonomic}
    uintx NonProfiledCodeHeapSize                  = 122912730                              {pd product} {ergonomic}
    uintx ProfiledCodeHeapSize                     = 122912730                              {pd product} {ergonomic}
    uintx ReservedCodeCacheSize                    = 251658240                              {pd product} {ergonomic}
     bool SegmentedCodeCache                       = true                                      {product} {ergonomic}
   size_t SoftMaxHeapSize                          = 2105540608                             {manageable} {ergonomic}
     bool UseCompressedOops                        = true                           {product lp64_product} {ergonomic}
     bool UseG1GC                                  = true                                      {product} {ergonomic}
     bool UseLargePagesIndividualAllocation        = false                                  {pd product} {ergonomic}

Logging:
Log output configuration:
 #0: stdout all=warning uptime,level,tags foldmultilines=false
 #1: stderr all=off uptime,level,tags foldmultilines=false

Environment Variables:
PATH=C:\Program Files\Common Files\Oracle\Java\javapath;C:\Windows\System32\HWAudioDriverLibs;C:\WINDOWS\system32;C:\WINDOWS;C:\WINDOWS\System32\Wbem;C:\WINDOWS\System32\WindowsPowerShell\v1.0\;C:\WINDOWS\System32\OpenSSH\;C:\WINDOWS\system32\config\systemprofile\AppData\Local\Microsoft\WindowsApps;C:\Program Files\Microsoft SQL Server\Client SDK\ODBC\170\Tools\Binn\;C:\jdk-21\bin;C:\Program Files (x86)\Microsoft SQL Server\160\Tools\Binn\;C:\Program Files\Microsoft SQL Server\160\Tools\Binn\;C:\Program Files\Microsoft SQL Server\160\DTS\Binn\;C:\Node\;C:\Program Files\Git\cmd;C:\Program Files\MySQL\MySQL Shell 8.0\bin\;C:\Users\Zack.LAPTOP-GOMAQHKI\AppData\Local\Microsoft\WindowsApps;C:\Program Files\JetBrains\IntelliJ IDEA Community Edition 2025.1.4.1\bin;;C:\Program Files\Azure Data Studio\bin;C:\Program Files\JetBrains\PyCharm Community Edition 2024.3.1.1\bin;;C:\Users\Zack.LAPTOP-GOMAQHKI\AppData\Roaming\npm;D:\WebStorm\WebStorm 2025.3.2\bin;D:\IntelliJ\IntelliJ IDEA 2026.1\bin
USERNAME=Zack
OS=Windows_NT
PROCESSOR_IDENTIFIER=Intel64 Family 6 Model 142 Stepping 12, GenuineIntel
TMP=C:\Users\ZACK~1.LAP\AppData\Local\Temp
TEMP=C:\Users\ZACK~1.LAP\AppData\Local\Temp




Periodic native trim disabled

---------------  S Y S T E M  ---------------

OS:
 Windows 11 , 64 bit Build 22621 (10.0.22621.5415)
OS uptime: 0 days 4:00 hours

CPU: total 4 (initial active 4) (2 cores per cpu, 2 threads per core) family 6 model 142 stepping 12 microcode 0xde, cx8, cmov, fxsr, ht, mmx, 3dnowpref, sse, sse2, sse3, ssse3, sse4.1, sse4.2, popcnt, lzcnt, tsc, tscinvbit, avx, avx2, aes, erms, clmul, bmi1, bmi2, adx, fma, vzeroupper, clflush, clflushopt, rdtscp, f16c
Processor Information for all 4 processors :
  Max Mhz: 2592, Current Mhz: 2093, Mhz Limit: 2073

Memory: 4k page, system-wide physical 8025M (369M free)
TotalPageFile size 13521M (AvailPageFile size 89M)
current process WorkingSet (physical memory assigned to process): 11M, peak: 11M
current process commit charge ("private bytes"): 52M, peak: 178M

vm_info: Java HotSpot(TM) 64-Bit Server VM (21.0.10+8-LTS-217) for windows-amd64 JRE (21.0.10+8-LTS-217), built on 2025-12-18T14:59:28Z by "mach5run" with MS VC++ 17.13 (VS2022)

END.
